{"C:\\Users\\QWc\\bootcamp\\collab\\skylab-bootcamp-201901\\staff\\luis-garrido\\project-z\\project-z-server\\src\\cors\\index.spec.js":{"path":"C:\\Users\\QWc\\bootcamp\\collab\\skylab-bootcamp-201901\\staff\\luis-garrido\\project-z\\project-z-server\\src\\cors\\index.spec.js","statementMap":{},"fnMap":{},"branchMap":{},"s":{},"f":{},"b":{},"_coverageSchema":"43e27e138ebf9cfc5966b082cf9a028302ed4184","hash":"64cb3175e54f40206a2b983ba83cfb2f3a082524","contentHash":"7c34dbe8e1ca47c6c93b091e59bcd2f41598cb210069abbd25247b19fb0ea4f6"},"C:\\Users\\QWc\\bootcamp\\collab\\skylab-bootcamp-201901\\staff\\luis-garrido\\project-z\\project-z-server\\src\\logic\\index.spec.js":{"path":"C:\\Users\\QWc\\bootcamp\\collab\\skylab-bootcamp-201901\\staff\\luis-garrido\\project-z\\project-z-server\\src\\logic\\index.spec.js","statementMap":{"0":{"start":{"line":3,"column":0},"end":{"line":3,"column":27}},"1":{"start":{"line":4,"column":0},"end":{"line":4,"column":28}},"2":{"start":{"line":9,"column":4},"end":{"line":9,"column":29}},"3":{"start":{"line":16,"column":4},"end":{"line":16,"column":31}},"4":{"start":{"line":18,"column":15},"end":{"line":18,"column":32}},"5":{"start":{"line":19,"column":15},"end":{"line":19,"column":32}},"6":{"start":{"line":21,"column":14},"end":{"line":21,"column":26}},"7":{"start":{"line":25,"column":4},"end":{"line":25,"column":11}},"8":{"start":{"line":27,"column":0},"end":{"line":2019,"column":3}},"9":{"start":{"line":28,"column":4},"end":{"line":28,"column":75}},"10":{"start":{"line":28,"column":17},"end":{"line":28,"column":73}},"11":{"start":{"line":30,"column":4},"end":{"line":30,"column":55}},"12":{"start":{"line":30,"column":21},"end":{"line":30,"column":53}},"13":{"start":{"line":32,"column":4},"end":{"line":881,"column":7}},"14":{"start":{"line":33,"column":22},"end":{"line":33,"column":27}},"15":{"start":{"line":34,"column":25},"end":{"line":34,"column":36}},"16":{"start":{"line":35,"column":23},"end":{"line":35,"column":27}},"17":{"start":{"line":36,"column":21},"end":{"line":36,"column":27}},"18":{"start":{"line":37,"column":24},"end":{"line":37,"column":33}},"19":{"start":{"line":38,"column":22},"end":{"line":38,"column":61}},"20":{"start":{"line":39,"column":25},"end":{"line":39,"column":47}},"21":{"start":{"line":40,"column":32},"end":{"line":40,"column":40}},"22":{"start":{"line":42,"column":8},"end":{"line":69,"column":11}},"23":{"start":{"line":43,"column":23},"end":{"line":52,"column":13}},"24":{"start":{"line":54,"column":12},"end":{"line":54,"column":37}},"25":{"start":{"line":55,"column":12},"end":{"line":55,"column":45}},"26":{"start":{"line":57,"column":25},"end":{"line":57,"column":54}},"27":{"start":{"line":59,"column":12},"end":{"line":59,"column":43}},"28":{"start":{"line":60,"column":12},"end":{"line":60,"column":49}},"29":{"start":{"line":61,"column":12},"end":{"line":61,"column":45}},"30":{"start":{"line":62,"column":12},"end":{"line":62,"column":41}},"31":{"start":{"line":63,"column":12},"end":{"line":63,"column":47}},"32":{"start":{"line":64,"column":12},"end":{"line":64,"column":43}},"33":{"start":{"line":66,"column":26},"end":{"line":66,"column":71}},"34":{"start":{"line":68,"column":12},"end":{"line":68,"column":39}},"35":{"start":{"line":71,"column":8},"end":{"line":86,"column":11}},"36":{"start":{"line":72,"column":36},"end":{"line":72,"column":56}},"37":{"start":{"line":74,"column":12},"end":{"line":85,"column":68}},"38":{"start":{"line":75,"column":16},"end":{"line":84,"column":18}},"39":{"start":{"line":88,"column":8},"end":{"line":125,"column":11}},"40":{"start":{"line":89,"column":23},"end":{"line":98,"column":13}},"41":{"start":{"line":100,"column":12},"end":{"line":100,"column":37}},"42":{"start":{"line":101,"column":12},"end":{"line":101,"column":45}},"43":{"start":{"line":103,"column":27},"end":{"line":103,"column":66}},"44":{"start":{"line":107,"column":12},"end":{"line":120,"column":13}},"45":{"start":{"line":108,"column":28},"end":{"line":117,"column":17}},"46":{"start":{"line":119,"column":16},"end":{"line":119,"column":37}},"47":{"start":{"line":121,"column":12},"end":{"line":121,"column":70}},"48":{"start":{"line":122,"column":12},"end":{"line":124,"column":14}},"49":{"start":{"line":127,"column":8},"end":{"line":164,"column":11}},"50":{"start":{"line":128,"column":23},"end":{"line":137,"column":13}},"51":{"start":{"line":139,"column":12},"end":{"line":139,"column":37}},"52":{"start":{"line":140,"column":12},"end":{"line":140,"column":45}},"53":{"start":{"line":142,"column":30},"end":{"line":142,"column":37}},"54":{"start":{"line":146,"column":12},"end":{"line":159,"column":13}},"55":{"start":{"line":147,"column":28},"end":{"line":156,"column":17}},"56":{"start":{"line":158,"column":16},"end":{"line":158,"column":37}},"57":{"start":{"line":160,"column":12},"end":{"line":160,"column":70}},"58":{"start":{"line":161,"column":12},"end":{"line":163,"column":14}},"59":{"start":{"line":166,"column":8},"end":{"line":181,"column":11}},"60":{"start":{"line":167,"column":26},"end":{"line":167,"column":28}},"61":{"start":{"line":169,"column":12},"end":{"line":180,"column":63}},"62":{"start":{"line":170,"column":16},"end":{"line":179,"column":18}},"63":{"start":{"line":183,"column":8},"end":{"line":198,"column":11}},"64":{"start":{"line":184,"column":26},"end":{"line":184,"column":32}},"65":{"start":{"line":186,"column":12},"end":{"line":197,"column":63}},"66":{"start":{"line":187,"column":16},"end":{"line":196,"column":18}},"67":{"start":{"line":200,"column":8},"end":{"line":215,"column":11}},"68":{"start":{"line":201,"column":26},"end":{"line":201,"column":28}},"69":{"start":{"line":203,"column":12},"end":{"line":214,"column":63}},"70":{"start":{"line":204,"column":16},"end":{"line":213,"column":18}},"71":{"start":{"line":217,"column":8},"end":{"line":232,"column":11}},"72":{"start":{"line":218,"column":26},"end":{"line":218,"column":28}},"73":{"start":{"line":220,"column":12},"end":{"line":231,"column":63}},"74":{"start":{"line":221,"column":16},"end":{"line":230,"column":18}},"75":{"start":{"line":234,"column":8},"end":{"line":249,"column":11}},"76":{"start":{"line":235,"column":29},"end":{"line":235,"column":38}},"77":{"start":{"line":237,"column":12},"end":{"line":248,"column":65}},"78":{"start":{"line":238,"column":16},"end":{"line":247,"column":18}},"79":{"start":{"line":251,"column":8},"end":{"line":266,"column":11}},"80":{"start":{"line":252,"column":29},"end":{"line":252,"column":31}},"81":{"start":{"line":254,"column":12},"end":{"line":265,"column":69}},"82":{"start":{"line":255,"column":16},"end":{"line":264,"column":18}},"83":{"start":{"line":268,"column":8},"end":{"line":283,"column":11}},"84":{"start":{"line":269,"column":29},"end":{"line":269,"column":31}},"85":{"start":{"line":271,"column":12},"end":{"line":282,"column":65}},"86":{"start":{"line":272,"column":16},"end":{"line":281,"column":18}},"87":{"start":{"line":285,"column":8},"end":{"line":300,"column":11}},"88":{"start":{"line":286,"column":29},"end":{"line":286,"column":33}},"89":{"start":{"line":288,"column":12},"end":{"line":299,"column":65}},"90":{"start":{"line":289,"column":16},"end":{"line":298,"column":18}},"91":{"start":{"line":302,"column":8},"end":{"line":317,"column":11}},"92":{"start":{"line":303,"column":29},"end":{"line":303,"column":31}},"93":{"start":{"line":305,"column":12},"end":{"line":316,"column":65}},"94":{"start":{"line":306,"column":16},"end":{"line":315,"column":18}},"95":{"start":{"line":319,"column":8},"end":{"line":334,"column":11}},"96":{"start":{"line":320,"column":29},"end":{"line":320,"column":31}},"97":{"start":{"line":322,"column":12},"end":{"line":333,"column":65}},"98":{"start":{"line":323,"column":16},"end":{"line":332,"column":18}},"99":{"start":{"line":336,"column":8},"end":{"line":351,"column":11}},"100":{"start":{"line":337,"column":27},"end":{"line":337,"column":36}},"101":{"start":{"line":339,"column":12},"end":{"line":350,"column":63}},"102":{"start":{"line":340,"column":16},"end":{"line":349,"column":18}},"103":{"start":{"line":353,"column":8},"end":{"line":368,"column":11}},"104":{"start":{"line":354,"column":27},"end":{"line":354,"column":29}},"105":{"start":{"line":356,"column":12},"end":{"line":367,"column":67}},"106":{"start":{"line":357,"column":16},"end":{"line":366,"column":18}},"107":{"start":{"line":370,"column":8},"end":{"line":385,"column":11}},"108":{"start":{"line":371,"column":27},"end":{"line":371,"column":29}},"109":{"start":{"line":373,"column":12},"end":{"line":384,"column":63}},"110":{"start":{"line":374,"column":16},"end":{"line":383,"column":18}},"111":{"start":{"line":387,"column":8},"end":{"line":402,"column":11}},"112":{"start":{"line":388,"column":27},"end":{"line":388,"column":31}},"113":{"start":{"line":390,"column":12},"end":{"line":401,"column":63}},"114":{"start":{"line":391,"column":16},"end":{"line":400,"column":18}},"115":{"start":{"line":404,"column":8},"end":{"line":419,"column":11}},"116":{"start":{"line":405,"column":27},"end":{"line":405,"column":29}},"117":{"start":{"line":407,"column":12},"end":{"line":418,"column":63}},"118":{"start":{"line":408,"column":16},"end":{"line":417,"column":18}},"119":{"start":{"line":421,"column":8},"end":{"line":436,"column":11}},"120":{"start":{"line":422,"column":27},"end":{"line":422,"column":29}},"121":{"start":{"line":424,"column":12},"end":{"line":435,"column":63}},"122":{"start":{"line":425,"column":16},"end":{"line":434,"column":18}},"123":{"start":{"line":438,"column":8},"end":{"line":453,"column":11}},"124":{"start":{"line":439,"column":25},"end":{"line":439,"column":27}},"125":{"start":{"line":441,"column":12},"end":{"line":452,"column":61}},"126":{"start":{"line":442,"column":16},"end":{"line":451,"column":18}},"127":{"start":{"line":455,"column":8},"end":{"line":470,"column":11}},"128":{"start":{"line":456,"column":25},"end":{"line":456,"column":29}},"129":{"start":{"line":458,"column":12},"end":{"line":469,"column":61}},"130":{"start":{"line":459,"column":16},"end":{"line":468,"column":18}},"131":{"start":{"line":472,"column":8},"end":{"line":487,"column":11}},"132":{"start":{"line":473,"column":25},"end":{"line":473,"column":27}},"133":{"start":{"line":475,"column":12},"end":{"line":486,"column":61}},"134":{"start":{"line":476,"column":16},"end":{"line":485,"column":18}},"135":{"start":{"line":489,"column":8},"end":{"line":504,"column":11}},"136":{"start":{"line":490,"column":25},"end":{"line":490,"column":27}},"137":{"start":{"line":492,"column":12},"end":{"line":503,"column":61}},"138":{"start":{"line":493,"column":16},"end":{"line":502,"column":18}},"139":{"start":{"line":506,"column":8},"end":{"line":521,"column":11}},"140":{"start":{"line":507,"column":28},"end":{"line":507,"column":30}},"141":{"start":{"line":509,"column":12},"end":{"line":520,"column":64}},"142":{"start":{"line":510,"column":16},"end":{"line":519,"column":18}},"143":{"start":{"line":523,"column":8},"end":{"line":538,"column":11}},"144":{"start":{"line":524,"column":28},"end":{"line":524,"column":33}},"145":{"start":{"line":526,"column":12},"end":{"line":537,"column":64}},"146":{"start":{"line":527,"column":16},"end":{"line":536,"column":18}},"147":{"start":{"line":540,"column":8},"end":{"line":555,"column":11}},"148":{"start":{"line":541,"column":28},"end":{"line":541,"column":30}},"149":{"start":{"line":543,"column":12},"end":{"line":554,"column":64}},"150":{"start":{"line":544,"column":16},"end":{"line":553,"column":18}},"151":{"start":{"line":557,"column":8},"end":{"line":572,"column":11}},"152":{"start":{"line":558,"column":28},"end":{"line":558,"column":30}},"153":{"start":{"line":560,"column":12},"end":{"line":571,"column":64}},"154":{"start":{"line":561,"column":16},"end":{"line":570,"column":18}},"155":{"start":{"line":574,"column":8},"end":{"line":589,"column":11}},"156":{"start":{"line":575,"column":26},"end":{"line":575,"column":28}},"157":{"start":{"line":577,"column":12},"end":{"line":588,"column":66}},"158":{"start":{"line":578,"column":16},"end":{"line":587,"column":18}},"159":{"start":{"line":591,"column":8},"end":{"line":606,"column":11}},"160":{"start":{"line":592,"column":26},"end":{"line":592,"column":35}},"161":{"start":{"line":594,"column":12},"end":{"line":605,"column":62}},"162":{"start":{"line":595,"column":16},"end":{"line":604,"column":18}},"163":{"start":{"line":608,"column":8},"end":{"line":623,"column":11}},"164":{"start":{"line":609,"column":26},"end":{"line":609,"column":28}},"165":{"start":{"line":611,"column":12},"end":{"line":622,"column":62}},"166":{"start":{"line":612,"column":16},"end":{"line":621,"column":18}},"167":{"start":{"line":625,"column":8},"end":{"line":640,"column":11}},"168":{"start":{"line":626,"column":26},"end":{"line":626,"column":31}},"169":{"start":{"line":628,"column":12},"end":{"line":639,"column":62}},"170":{"start":{"line":629,"column":16},"end":{"line":638,"column":18}},"171":{"start":{"line":642,"column":8},"end":{"line":657,"column":11}},"172":{"start":{"line":643,"column":26},"end":{"line":643,"column":28}},"173":{"start":{"line":645,"column":12},"end":{"line":656,"column":62}},"174":{"start":{"line":646,"column":16},"end":{"line":655,"column":18}},"175":{"start":{"line":659,"column":8},"end":{"line":674,"column":11}},"176":{"start":{"line":660,"column":26},"end":{"line":660,"column":28}},"177":{"start":{"line":662,"column":12},"end":{"line":673,"column":62}},"178":{"start":{"line":663,"column":16},"end":{"line":672,"column":18}},"179":{"start":{"line":676,"column":8},"end":{"line":691,"column":11}},"180":{"start":{"line":677,"column":29},"end":{"line":677,"column":31}},"181":{"start":{"line":679,"column":12},"end":{"line":690,"column":69}},"182":{"start":{"line":680,"column":16},"end":{"line":689,"column":18}},"183":{"start":{"line":693,"column":8},"end":{"line":708,"column":11}},"184":{"start":{"line":694,"column":29},"end":{"line":694,"column":38}},"185":{"start":{"line":696,"column":12},"end":{"line":707,"column":65}},"186":{"start":{"line":697,"column":16},"end":{"line":706,"column":18}},"187":{"start":{"line":710,"column":8},"end":{"line":725,"column":11}},"188":{"start":{"line":711,"column":29},"end":{"line":711,"column":31}},"189":{"start":{"line":713,"column":12},"end":{"line":724,"column":65}},"190":{"start":{"line":714,"column":16},"end":{"line":723,"column":18}},"191":{"start":{"line":727,"column":8},"end":{"line":742,"column":11}},"192":{"start":{"line":728,"column":29},"end":{"line":728,"column":34}},"193":{"start":{"line":730,"column":12},"end":{"line":741,"column":65}},"194":{"start":{"line":731,"column":16},"end":{"line":740,"column":18}},"195":{"start":{"line":744,"column":8},"end":{"line":759,"column":11}},"196":{"start":{"line":745,"column":29},"end":{"line":745,"column":31}},"197":{"start":{"line":747,"column":12},"end":{"line":758,"column":65}},"198":{"start":{"line":748,"column":16},"end":{"line":757,"column":18}},"199":{"start":{"line":761,"column":8},"end":{"line":776,"column":11}},"200":{"start":{"line":762,"column":29},"end":{"line":762,"column":31}},"201":{"start":{"line":764,"column":12},"end":{"line":775,"column":65}},"202":{"start":{"line":765,"column":16},"end":{"line":774,"column":18}},"203":{"start":{"line":778,"column":8},"end":{"line":795,"column":11}},"204":{"start":{"line":779,"column":41},"end":{"line":779,"column":43}},"205":{"start":{"line":781,"column":12},"end":{"line":794,"column":14}},"206":{"start":{"line":782,"column":16},"end":{"line":791,"column":18}},"207":{"start":{"line":797,"column":8},"end":{"line":812,"column":11}},"208":{"start":{"line":798,"column":41},"end":{"line":798,"column":50}},"209":{"start":{"line":800,"column":12},"end":{"line":811,"column":77}},"210":{"start":{"line":801,"column":16},"end":{"line":810,"column":18}},"211":{"start":{"line":814,"column":8},"end":{"line":829,"column":11}},"212":{"start":{"line":815,"column":41},"end":{"line":815,"column":43}},"213":{"start":{"line":817,"column":12},"end":{"line":828,"column":77}},"214":{"start":{"line":818,"column":16},"end":{"line":827,"column":18}},"215":{"start":{"line":831,"column":8},"end":{"line":846,"column":11}},"216":{"start":{"line":832,"column":41},"end":{"line":832,"column":46}},"217":{"start":{"line":834,"column":12},"end":{"line":845,"column":77}},"218":{"start":{"line":835,"column":16},"end":{"line":844,"column":18}},"219":{"start":{"line":848,"column":8},"end":{"line":863,"column":11}},"220":{"start":{"line":849,"column":41},"end":{"line":849,"column":43}},"221":{"start":{"line":851,"column":12},"end":{"line":862,"column":77}},"222":{"start":{"line":852,"column":16},"end":{"line":861,"column":18}},"223":{"start":{"line":865,"column":8},"end":{"line":880,"column":11}},"224":{"start":{"line":866,"column":41},"end":{"line":866,"column":43}},"225":{"start":{"line":868,"column":12},"end":{"line":879,"column":77}},"226":{"start":{"line":869,"column":16},"end":{"line":878,"column":18}},"227":{"start":{"line":883,"column":4},"end":{"line":1057,"column":7}},"228":{"start":{"line":884,"column":22},"end":{"line":884,"column":27}},"229":{"start":{"line":885,"column":25},"end":{"line":885,"column":36}},"230":{"start":{"line":886,"column":23},"end":{"line":886,"column":27}},"231":{"start":{"line":887,"column":21},"end":{"line":887,"column":27}},"232":{"start":{"line":888,"column":24},"end":{"line":888,"column":33}},"233":{"start":{"line":889,"column":22},"end":{"line":889,"column":61}},"234":{"start":{"line":890,"column":25},"end":{"line":890,"column":47}},"235":{"start":{"line":892,"column":8},"end":{"line":904,"column":10}},"236":{"start":{"line":893,"column":12},"end":{"line":903,"column":13}},"237":{"start":{"line":894,"column":16},"end":{"line":902,"column":18}},"238":{"start":{"line":906,"column":8},"end":{"line":909,"column":55}},"239":{"start":{"line":907,"column":12},"end":{"line":909,"column":53}},"240":{"start":{"line":909,"column":28},"end":{"line":909,"column":52}},"241":{"start":{"line":911,"column":8},"end":{"line":914,"column":55}},"242":{"start":{"line":912,"column":12},"end":{"line":914,"column":53}},"243":{"start":{"line":914,"column":28},"end":{"line":914,"column":52}},"244":{"start":{"line":916,"column":8},"end":{"line":930,"column":11}},"245":{"start":{"line":918,"column":26},"end":{"line":918,"column":42}},"246":{"start":{"line":920,"column":12},"end":{"line":924,"column":13}},"247":{"start":{"line":921,"column":29},"end":{"line":921,"column":74}},"248":{"start":{"line":923,"column":16},"end":{"line":923,"column":37}},"249":{"start":{"line":926,"column":12},"end":{"line":926,"column":69}},"250":{"start":{"line":927,"column":12},"end":{"line":929,"column":14}},"251":{"start":{"line":932,"column":8},"end":{"line":946,"column":11}},"252":{"start":{"line":934,"column":29},"end":{"line":934,"column":45}},"253":{"start":{"line":936,"column":12},"end":{"line":940,"column":13}},"254":{"start":{"line":937,"column":29},"end":{"line":937,"column":77}},"255":{"start":{"line":939,"column":16},"end":{"line":939,"column":37}},"256":{"start":{"line":942,"column":12},"end":{"line":942,"column":69}},"257":{"start":{"line":943,"column":12},"end":{"line":945,"column":14}},"258":{"start":{"line":948,"column":8},"end":{"line":960,"column":11}},"259":{"start":{"line":950,"column":29},"end":{"line":950,"column":45}},"260":{"start":{"line":952,"column":12},"end":{"line":956,"column":13}},"261":{"start":{"line":953,"column":29},"end":{"line":953,"column":77}},"262":{"start":{"line":955,"column":16},"end":{"line":955,"column":37}},"263":{"start":{"line":958,"column":12},"end":{"line":958,"column":65}},"264":{"start":{"line":959,"column":12},"end":{"line":959,"column":67}},"265":{"start":{"line":962,"column":8},"end":{"line":968,"column":11}},"266":{"start":{"line":963,"column":26},"end":{"line":963,"column":28}},"267":{"start":{"line":965,"column":12},"end":{"line":967,"column":72}},"268":{"start":{"line":966,"column":16},"end":{"line":966,"column":56}},"269":{"start":{"line":970,"column":8},"end":{"line":976,"column":11}},"270":{"start":{"line":971,"column":26},"end":{"line":971,"column":35}},"271":{"start":{"line":973,"column":12},"end":{"line":975,"column":62}},"272":{"start":{"line":974,"column":16},"end":{"line":974,"column":56}},"273":{"start":{"line":978,"column":8},"end":{"line":984,"column":11}},"274":{"start":{"line":979,"column":26},"end":{"line":979,"column":28}},"275":{"start":{"line":981,"column":12},"end":{"line":983,"column":62}},"276":{"start":{"line":982,"column":16},"end":{"line":982,"column":56}},"277":{"start":{"line":986,"column":8},"end":{"line":992,"column":11}},"278":{"start":{"line":987,"column":26},"end":{"line":987,"column":31}},"279":{"start":{"line":989,"column":12},"end":{"line":991,"column":62}},"280":{"start":{"line":990,"column":16},"end":{"line":990,"column":56}},"281":{"start":{"line":994,"column":8},"end":{"line":1000,"column":11}},"282":{"start":{"line":995,"column":26},"end":{"line":995,"column":28}},"283":{"start":{"line":997,"column":12},"end":{"line":999,"column":62}},"284":{"start":{"line":998,"column":16},"end":{"line":998,"column":56}},"285":{"start":{"line":1002,"column":8},"end":{"line":1008,"column":11}},"286":{"start":{"line":1003,"column":26},"end":{"line":1003,"column":28}},"287":{"start":{"line":1005,"column":12},"end":{"line":1007,"column":62}},"288":{"start":{"line":1006,"column":16},"end":{"line":1006,"column":56}},"289":{"start":{"line":1010,"column":8},"end":{"line":1016,"column":11}},"290":{"start":{"line":1011,"column":29},"end":{"line":1011,"column":31}},"291":{"start":{"line":1013,"column":12},"end":{"line":1015,"column":69}},"292":{"start":{"line":1014,"column":16},"end":{"line":1014,"column":56}},"293":{"start":{"line":1018,"column":8},"end":{"line":1024,"column":11}},"294":{"start":{"line":1019,"column":29},"end":{"line":1019,"column":38}},"295":{"start":{"line":1021,"column":12},"end":{"line":1023,"column":65}},"296":{"start":{"line":1022,"column":16},"end":{"line":1022,"column":56}},"297":{"start":{"line":1026,"column":8},"end":{"line":1032,"column":11}},"298":{"start":{"line":1027,"column":29},"end":{"line":1027,"column":31}},"299":{"start":{"line":1029,"column":12},"end":{"line":1031,"column":65}},"300":{"start":{"line":1030,"column":16},"end":{"line":1030,"column":56}},"301":{"start":{"line":1034,"column":8},"end":{"line":1040,"column":11}},"302":{"start":{"line":1035,"column":29},"end":{"line":1035,"column":34}},"303":{"start":{"line":1037,"column":12},"end":{"line":1039,"column":65}},"304":{"start":{"line":1038,"column":16},"end":{"line":1038,"column":56}},"305":{"start":{"line":1042,"column":8},"end":{"line":1048,"column":11}},"306":{"start":{"line":1043,"column":29},"end":{"line":1043,"column":31}},"307":{"start":{"line":1045,"column":12},"end":{"line":1047,"column":65}},"308":{"start":{"line":1046,"column":16},"end":{"line":1046,"column":56}},"309":{"start":{"line":1050,"column":8},"end":{"line":1056,"column":11}},"310":{"start":{"line":1051,"column":29},"end":{"line":1051,"column":31}},"311":{"start":{"line":1053,"column":12},"end":{"line":1055,"column":65}},"312":{"start":{"line":1054,"column":16},"end":{"line":1054,"column":56}},"313":{"start":{"line":1059,"column":4},"end":{"line":1157,"column":7}},"314":{"start":{"line":1060,"column":22},"end":{"line":1060,"column":27}},"315":{"start":{"line":1061,"column":25},"end":{"line":1061,"column":36}},"316":{"start":{"line":1062,"column":23},"end":{"line":1062,"column":27}},"317":{"start":{"line":1063,"column":21},"end":{"line":1063,"column":27}},"318":{"start":{"line":1064,"column":24},"end":{"line":1064,"column":33}},"319":{"start":{"line":1065,"column":22},"end":{"line":1065,"column":61}},"320":{"start":{"line":1066,"column":25},"end":{"line":1066,"column":47}},"321":{"start":{"line":1070,"column":8},"end":{"line":1082,"column":10}},"322":{"start":{"line":1071,"column":12},"end":{"line":1081,"column":13}},"323":{"start":{"line":1072,"column":16},"end":{"line":1080,"column":50}},"324":{"start":{"line":1080,"column":37},"end":{"line":1080,"column":48}},"325":{"start":{"line":1084,"column":8},"end":{"line":1092,"column":16}},"326":{"start":{"line":1085,"column":12},"end":{"line":1092,"column":14}},"327":{"start":{"line":1086,"column":16},"end":{"line":1086,"column":45}},"328":{"start":{"line":1087,"column":16},"end":{"line":1087,"column":45}},"329":{"start":{"line":1088,"column":16},"end":{"line":1088,"column":51}},"330":{"start":{"line":1089,"column":16},"end":{"line":1089,"column":47}},"331":{"start":{"line":1091,"column":16},"end":{"line":1091,"column":50}},"332":{"start":{"line":1094,"column":8},"end":{"line":1108,"column":11}},"333":{"start":{"line":1096,"column":27},"end":{"line":1096,"column":53}},"334":{"start":{"line":1098,"column":12},"end":{"line":1102,"column":13}},"335":{"start":{"line":1099,"column":29},"end":{"line":1099,"column":61}},"336":{"start":{"line":1101,"column":16},"end":{"line":1101,"column":37}},"337":{"start":{"line":1104,"column":12},"end":{"line":1104,"column":69}},"338":{"start":{"line":1105,"column":12},"end":{"line":1107,"column":14}},"339":{"start":{"line":1110,"column":8},"end":{"line":1116,"column":11}},"340":{"start":{"line":1111,"column":27},"end":{"line":1111,"column":29}},"341":{"start":{"line":1113,"column":12},"end":{"line":1115,"column":67}},"342":{"start":{"line":1114,"column":16},"end":{"line":1114,"column":43}},"343":{"start":{"line":1118,"column":8},"end":{"line":1124,"column":11}},"344":{"start":{"line":1119,"column":27},"end":{"line":1119,"column":36}},"345":{"start":{"line":1121,"column":12},"end":{"line":1123,"column":63}},"346":{"start":{"line":1122,"column":16},"end":{"line":1122,"column":43}},"347":{"start":{"line":1126,"column":8},"end":{"line":1132,"column":11}},"348":{"start":{"line":1127,"column":27},"end":{"line":1127,"column":29}},"349":{"start":{"line":1129,"column":12},"end":{"line":1131,"column":63}},"350":{"start":{"line":1130,"column":16},"end":{"line":1130,"column":43}},"351":{"start":{"line":1134,"column":8},"end":{"line":1140,"column":11}},"352":{"start":{"line":1135,"column":27},"end":{"line":1135,"column":32}},"353":{"start":{"line":1137,"column":12},"end":{"line":1139,"column":63}},"354":{"start":{"line":1138,"column":16},"end":{"line":1138,"column":43}},"355":{"start":{"line":1142,"column":8},"end":{"line":1148,"column":11}},"356":{"start":{"line":1143,"column":27},"end":{"line":1143,"column":29}},"357":{"start":{"line":1145,"column":12},"end":{"line":1147,"column":63}},"358":{"start":{"line":1146,"column":16},"end":{"line":1146,"column":43}},"359":{"start":{"line":1150,"column":8},"end":{"line":1156,"column":11}},"360":{"start":{"line":1151,"column":27},"end":{"line":1151,"column":29}},"361":{"start":{"line":1153,"column":12},"end":{"line":1155,"column":63}},"362":{"start":{"line":1154,"column":16},"end":{"line":1154,"column":43}},"363":{"start":{"line":1159,"column":4},"end":{"line":1257,"column":7}},"364":{"start":{"line":1160,"column":22},"end":{"line":1160,"column":27}},"365":{"start":{"line":1161,"column":25},"end":{"line":1161,"column":36}},"366":{"start":{"line":1162,"column":23},"end":{"line":1162,"column":27}},"367":{"start":{"line":1163,"column":21},"end":{"line":1163,"column":27}},"368":{"start":{"line":1164,"column":24},"end":{"line":1164,"column":33}},"369":{"start":{"line":1165,"column":22},"end":{"line":1165,"column":61}},"370":{"start":{"line":1166,"column":25},"end":{"line":1166,"column":47}},"371":{"start":{"line":1170,"column":8},"end":{"line":1182,"column":10}},"372":{"start":{"line":1171,"column":12},"end":{"line":1181,"column":13}},"373":{"start":{"line":1172,"column":16},"end":{"line":1180,"column":50}},"374":{"start":{"line":1180,"column":37},"end":{"line":1180,"column":48}},"375":{"start":{"line":1184,"column":8},"end":{"line":1192,"column":16}},"376":{"start":{"line":1185,"column":12},"end":{"line":1192,"column":14}},"377":{"start":{"line":1186,"column":16},"end":{"line":1186,"column":53}},"378":{"start":{"line":1187,"column":16},"end":{"line":1187,"column":45}},"379":{"start":{"line":1188,"column":16},"end":{"line":1188,"column":51}},"380":{"start":{"line":1189,"column":16},"end":{"line":1189,"column":47}},"381":{"start":{"line":1191,"column":16},"end":{"line":1191,"column":50}},"382":{"start":{"line":1194,"column":8},"end":{"line":1208,"column":11}},"383":{"start":{"line":1196,"column":29},"end":{"line":1196,"column":55}},"384":{"start":{"line":1198,"column":12},"end":{"line":1202,"column":13}},"385":{"start":{"line":1199,"column":29},"end":{"line":1199,"column":73}},"386":{"start":{"line":1201,"column":16},"end":{"line":1201,"column":37}},"387":{"start":{"line":1204,"column":12},"end":{"line":1204,"column":69}},"388":{"start":{"line":1205,"column":12},"end":{"line":1207,"column":14}},"389":{"start":{"line":1210,"column":8},"end":{"line":1216,"column":11}},"390":{"start":{"line":1211,"column":29},"end":{"line":1211,"column":31}},"391":{"start":{"line":1213,"column":12},"end":{"line":1215,"column":69}},"392":{"start":{"line":1214,"column":16},"end":{"line":1214,"column":55}},"393":{"start":{"line":1218,"column":8},"end":{"line":1224,"column":11}},"394":{"start":{"line":1219,"column":29},"end":{"line":1219,"column":38}},"395":{"start":{"line":1221,"column":12},"end":{"line":1223,"column":65}},"396":{"start":{"line":1222,"column":16},"end":{"line":1222,"column":55}},"397":{"start":{"line":1226,"column":8},"end":{"line":1232,"column":11}},"398":{"start":{"line":1227,"column":29},"end":{"line":1227,"column":31}},"399":{"start":{"line":1229,"column":12},"end":{"line":1231,"column":65}},"400":{"start":{"line":1230,"column":16},"end":{"line":1230,"column":55}},"401":{"start":{"line":1234,"column":8},"end":{"line":1240,"column":11}},"402":{"start":{"line":1235,"column":29},"end":{"line":1235,"column":34}},"403":{"start":{"line":1237,"column":12},"end":{"line":1239,"column":65}},"404":{"start":{"line":1238,"column":16},"end":{"line":1238,"column":55}},"405":{"start":{"line":1242,"column":8},"end":{"line":1248,"column":11}},"406":{"start":{"line":1243,"column":29},"end":{"line":1243,"column":31}},"407":{"start":{"line":1245,"column":12},"end":{"line":1247,"column":65}},"408":{"start":{"line":1246,"column":16},"end":{"line":1246,"column":55}},"409":{"start":{"line":1250,"column":8},"end":{"line":1256,"column":11}},"410":{"start":{"line":1251,"column":29},"end":{"line":1251,"column":31}},"411":{"start":{"line":1253,"column":12},"end":{"line":1255,"column":65}},"412":{"start":{"line":1254,"column":16},"end":{"line":1254,"column":55}},"413":{"start":{"line":1261,"column":4},"end":{"line":1386,"column":7}},"414":{"start":{"line":1262,"column":8},"end":{"line":1273,"column":11}},"415":{"start":{"line":1263,"column":26},"end":{"line":1263,"column":33}},"416":{"start":{"line":1265,"column":12},"end":{"line":1272,"column":15}},"417":{"start":{"line":1266,"column":16},"end":{"line":1266,"column":44}},"418":{"start":{"line":1275,"column":8},"end":{"line":1311,"column":11}},"419":{"start":{"line":1276,"column":26},"end":{"line":1276,"column":39}},"420":{"start":{"line":1278,"column":27},"end":{"line":1278,"column":34}},"421":{"start":{"line":1280,"column":27},"end":{"line":1283,"column":13}},"422":{"start":{"line":1287,"column":26},"end":{"line":1287,"column":31}},"423":{"start":{"line":1288,"column":29},"end":{"line":1288,"column":40}},"424":{"start":{"line":1289,"column":27},"end":{"line":1289,"column":31}},"425":{"start":{"line":1290,"column":25},"end":{"line":1290,"column":31}},"426":{"start":{"line":1291,"column":28},"end":{"line":1291,"column":37}},"427":{"start":{"line":1292,"column":26},"end":{"line":1292,"column":65}},"428":{"start":{"line":1293,"column":29},"end":{"line":1293,"column":51}},"429":{"start":{"line":1294,"column":36},"end":{"line":1294,"column":44}},"430":{"start":{"line":1296,"column":12},"end":{"line":1304,"column":15}},"431":{"start":{"line":1306,"column":23},"end":{"line":1306,"column":76}},"432":{"start":{"line":1308,"column":34},"end":{"line":1308,"column":64}},"433":{"start":{"line":1310,"column":12},"end":{"line":1310,"column":62}},"434":{"start":{"line":1313,"column":8},"end":{"line":1327,"column":11}},"435":{"start":{"line":1314,"column":26},"end":{"line":1314,"column":49}},"436":{"start":{"line":1318,"column":12},"end":{"line":1323,"column":13}},"437":{"start":{"line":1319,"column":29},"end":{"line":1319,"column":59}},"438":{"start":{"line":1320,"column":16},"end":{"line":1320,"column":55}},"439":{"start":{"line":1322,"column":16},"end":{"line":1322,"column":37}},"440":{"start":{"line":1325,"column":12},"end":{"line":1325,"column":69}},"441":{"start":{"line":1326,"column":12},"end":{"line":1326,"column":64}},"442":{"start":{"line":1329,"column":8},"end":{"line":1335,"column":11}},"443":{"start":{"line":1330,"column":26},"end":{"line":1330,"column":28}},"444":{"start":{"line":1332,"column":12},"end":{"line":1334,"column":14}},"445":{"start":{"line":1332,"column":25},"end":{"line":1332,"column":49}},"446":{"start":{"line":1337,"column":8},"end":{"line":1345,"column":11}},"447":{"start":{"line":1338,"column":26},"end":{"line":1338,"column":35}},"448":{"start":{"line":1340,"column":12},"end":{"line":1344,"column":14}},"449":{"start":{"line":1341,"column":16},"end":{"line":1343,"column":67}},"450":{"start":{"line":1347,"column":8},"end":{"line":1355,"column":11}},"451":{"start":{"line":1348,"column":26},"end":{"line":1348,"column":28}},"452":{"start":{"line":1350,"column":12},"end":{"line":1354,"column":14}},"453":{"start":{"line":1351,"column":16},"end":{"line":1353,"column":67}},"454":{"start":{"line":1357,"column":8},"end":{"line":1365,"column":11}},"455":{"start":{"line":1358,"column":26},"end":{"line":1358,"column":31}},"456":{"start":{"line":1360,"column":12},"end":{"line":1364,"column":14}},"457":{"start":{"line":1361,"column":16},"end":{"line":1363,"column":67}},"458":{"start":{"line":1367,"column":8},"end":{"line":1375,"column":11}},"459":{"start":{"line":1368,"column":26},"end":{"line":1368,"column":28}},"460":{"start":{"line":1370,"column":12},"end":{"line":1374,"column":14}},"461":{"start":{"line":1371,"column":16},"end":{"line":1373,"column":67}},"462":{"start":{"line":1377,"column":8},"end":{"line":1385,"column":11}},"463":{"start":{"line":1378,"column":26},"end":{"line":1378,"column":28}},"464":{"start":{"line":1380,"column":12},"end":{"line":1384,"column":14}},"465":{"start":{"line":1381,"column":16},"end":{"line":1383,"column":67}},"466":{"start":{"line":1390,"column":4},"end":{"line":1504,"column":7}},"467":{"start":{"line":1391,"column":8},"end":{"line":1403,"column":11}},"468":{"start":{"line":1392,"column":27},"end":{"line":1392,"column":34}},"469":{"start":{"line":1393,"column":30},"end":{"line":1393,"column":43}},"470":{"start":{"line":1395,"column":12},"end":{"line":1402,"column":15}},"471":{"start":{"line":1396,"column":16},"end":{"line":1396,"column":47}},"472":{"start":{"line":1397,"column":16},"end":{"line":1397,"column":64}},"473":{"start":{"line":1399,"column":16},"end":{"line":1399,"column":60}},"474":{"start":{"line":1400,"column":16},"end":{"line":1400,"column":60}},"475":{"start":{"line":1401,"column":16},"end":{"line":1401,"column":57}},"476":{"start":{"line":1405,"column":8},"end":{"line":1421,"column":11}},"477":{"start":{"line":1406,"column":27},"end":{"line":1406,"column":41}},"478":{"start":{"line":1410,"column":12},"end":{"line":1415,"column":13}},"479":{"start":{"line":1411,"column":29},"end":{"line":1411,"column":65}},"480":{"start":{"line":1412,"column":16},"end":{"line":1412,"column":55}},"481":{"start":{"line":1414,"column":16},"end":{"line":1414,"column":37}},"482":{"start":{"line":1417,"column":12},"end":{"line":1417,"column":69}},"483":{"start":{"line":1418,"column":12},"end":{"line":1420,"column":14}},"484":{"start":{"line":1423,"column":8},"end":{"line":1429,"column":11}},"485":{"start":{"line":1424,"column":27},"end":{"line":1424,"column":35}},"486":{"start":{"line":1426,"column":12},"end":{"line":1428,"column":14}},"487":{"start":{"line":1426,"column":25},"end":{"line":1426,"column":55}},"488":{"start":{"line":1431,"column":8},"end":{"line":1437,"column":11}},"489":{"start":{"line":1432,"column":27},"end":{"line":1432,"column":30}},"490":{"start":{"line":1434,"column":12},"end":{"line":1436,"column":14}},"491":{"start":{"line":1434,"column":25},"end":{"line":1434,"column":55}},"492":{"start":{"line":1439,"column":8},"end":{"line":1445,"column":11}},"493":{"start":{"line":1440,"column":27},"end":{"line":1440,"column":32}},"494":{"start":{"line":1442,"column":12},"end":{"line":1444,"column":14}},"495":{"start":{"line":1442,"column":25},"end":{"line":1442,"column":55}},"496":{"start":{"line":1447,"column":8},"end":{"line":1453,"column":11}},"497":{"start":{"line":1448,"column":27},"end":{"line":1448,"column":29}},"498":{"start":{"line":1450,"column":12},"end":{"line":1452,"column":14}},"499":{"start":{"line":1450,"column":25},"end":{"line":1450,"column":55}},"500":{"start":{"line":1455,"column":8},"end":{"line":1463,"column":11}},"501":{"start":{"line":1456,"column":27},"end":{"line":1456,"column":36}},"502":{"start":{"line":1458,"column":12},"end":{"line":1462,"column":14}},"503":{"start":{"line":1459,"column":16},"end":{"line":1461,"column":68}},"504":{"start":{"line":1465,"column":8},"end":{"line":1473,"column":11}},"505":{"start":{"line":1466,"column":27},"end":{"line":1466,"column":29}},"506":{"start":{"line":1468,"column":12},"end":{"line":1472,"column":14}},"507":{"start":{"line":1469,"column":16},"end":{"line":1471,"column":68}},"508":{"start":{"line":1475,"column":8},"end":{"line":1483,"column":11}},"509":{"start":{"line":1476,"column":27},"end":{"line":1476,"column":32}},"510":{"start":{"line":1478,"column":12},"end":{"line":1482,"column":14}},"511":{"start":{"line":1479,"column":16},"end":{"line":1481,"column":68}},"512":{"start":{"line":1485,"column":8},"end":{"line":1493,"column":11}},"513":{"start":{"line":1486,"column":27},"end":{"line":1486,"column":29}},"514":{"start":{"line":1488,"column":12},"end":{"line":1492,"column":14}},"515":{"start":{"line":1489,"column":16},"end":{"line":1491,"column":68}},"516":{"start":{"line":1495,"column":8},"end":{"line":1503,"column":11}},"517":{"start":{"line":1496,"column":27},"end":{"line":1496,"column":29}},"518":{"start":{"line":1498,"column":12},"end":{"line":1502,"column":14}},"519":{"start":{"line":1499,"column":16},"end":{"line":1501,"column":68}},"520":{"start":{"line":1508,"column":4},"end":{"line":1917,"column":7}},"521":{"start":{"line":1509,"column":22},"end":{"line":1509,"column":27}},"522":{"start":{"line":1510,"column":25},"end":{"line":1510,"column":36}},"523":{"start":{"line":1511,"column":23},"end":{"line":1511,"column":27}},"524":{"start":{"line":1512,"column":21},"end":{"line":1512,"column":27}},"525":{"start":{"line":1513,"column":24},"end":{"line":1513,"column":33}},"526":{"start":{"line":1514,"column":22},"end":{"line":1514,"column":61}},"527":{"start":{"line":1515,"column":25},"end":{"line":1515,"column":47}},"528":{"start":{"line":1517,"column":23},"end":{"line":1517,"column":30}},"529":{"start":{"line":1519,"column":23},"end":{"line":1522,"column":9}},"530":{"start":{"line":1526,"column":8},"end":{"line":1536,"column":11}},"531":{"start":{"line":1527,"column":12},"end":{"line":1535,"column":15}},"532":{"start":{"line":1538,"column":8},"end":{"line":1558,"column":11}},"533":{"start":{"line":1539,"column":23},"end":{"line":1557,"column":18}},"534":{"start":{"line":1542,"column":33},"end":{"line":1544,"column":44}},"535":{"start":{"line":1545,"column":20},"end":{"line":1549,"column":35}},"536":{"start":{"line":1546,"column":24},"end":{"line":1548,"column":25}},"537":{"start":{"line":1547,"column":39},"end":{"line":1547,"column":79}},"538":{"start":{"line":1553,"column":20},"end":{"line":1553,"column":46}},"539":{"start":{"line":1554,"column":20},"end":{"line":1554,"column":40}},"540":{"start":{"line":1556,"column":20},"end":{"line":1556,"column":40}},"541":{"start":{"line":1560,"column":8},"end":{"line":1585,"column":10}},"542":{"start":{"line":1561,"column":27},"end":{"line":1565,"column":13}},"543":{"start":{"line":1566,"column":23},"end":{"line":1584,"column":18}},"544":{"start":{"line":1569,"column":33},"end":{"line":1571,"column":44}},"545":{"start":{"line":1572,"column":20},"end":{"line":1576,"column":35}},"546":{"start":{"line":1573,"column":24},"end":{"line":1575,"column":25}},"547":{"start":{"line":1574,"column":39},"end":{"line":1574,"column":79}},"548":{"start":{"line":1580,"column":20},"end":{"line":1580,"column":46}},"549":{"start":{"line":1581,"column":20},"end":{"line":1581,"column":40}},"550":{"start":{"line":1583,"column":20},"end":{"line":1583,"column":40}},"551":{"start":{"line":1587,"column":8},"end":{"line":1618,"column":11}},"552":{"start":{"line":1588,"column":23},"end":{"line":1601,"column":18}},"553":{"start":{"line":1591,"column":33},"end":{"line":1593,"column":44}},"554":{"start":{"line":1594,"column":20},"end":{"line":1598,"column":35}},"555":{"start":{"line":1595,"column":24},"end":{"line":1597,"column":25}},"556":{"start":{"line":1596,"column":39},"end":{"line":1596,"column":79}},"557":{"start":{"line":1599,"column":20},"end":{"line":1599,"column":65}},"558":{"start":{"line":1600,"column":20},"end":{"line":1600,"column":57}},"559":{"start":{"line":1603,"column":12},"end":{"line":1610,"column":14}},"560":{"start":{"line":1605,"column":20},"end":{"line":1609,"column":25}},"561":{"start":{"line":1612,"column":25},"end":{"line":1612,"column":59}},"562":{"start":{"line":1614,"column":12},"end":{"line":1614,"column":38}},"563":{"start":{"line":1615,"column":12},"end":{"line":1615,"column":32}},"564":{"start":{"line":1617,"column":12},"end":{"line":1617,"column":32}},"565":{"start":{"line":1620,"column":8},"end":{"line":1626,"column":11}},"566":{"start":{"line":1621,"column":27},"end":{"line":1621,"column":29}},"567":{"start":{"line":1623,"column":12},"end":{"line":1625,"column":14}},"568":{"start":{"line":1623,"column":25},"end":{"line":1623,"column":65}},"569":{"start":{"line":1628,"column":8},"end":{"line":1636,"column":11}},"570":{"start":{"line":1629,"column":27},"end":{"line":1629,"column":36}},"571":{"start":{"line":1631,"column":12},"end":{"line":1635,"column":14}},"572":{"start":{"line":1632,"column":16},"end":{"line":1634,"column":68}},"573":{"start":{"line":1638,"column":8},"end":{"line":1646,"column":11}},"574":{"start":{"line":1639,"column":27},"end":{"line":1639,"column":29}},"575":{"start":{"line":1641,"column":12},"end":{"line":1645,"column":14}},"576":{"start":{"line":1642,"column":16},"end":{"line":1644,"column":68}},"577":{"start":{"line":1648,"column":8},"end":{"line":1656,"column":11}},"578":{"start":{"line":1649,"column":27},"end":{"line":1649,"column":32}},"579":{"start":{"line":1651,"column":12},"end":{"line":1655,"column":14}},"580":{"start":{"line":1652,"column":16},"end":{"line":1654,"column":68}},"581":{"start":{"line":1658,"column":8},"end":{"line":1666,"column":11}},"582":{"start":{"line":1659,"column":27},"end":{"line":1659,"column":29}},"583":{"start":{"line":1661,"column":12},"end":{"line":1665,"column":14}},"584":{"start":{"line":1662,"column":16},"end":{"line":1664,"column":68}},"585":{"start":{"line":1668,"column":8},"end":{"line":1676,"column":11}},"586":{"start":{"line":1669,"column":27},"end":{"line":1669,"column":29}},"587":{"start":{"line":1671,"column":12},"end":{"line":1675,"column":14}},"588":{"start":{"line":1672,"column":16},"end":{"line":1674,"column":68}},"589":{"start":{"line":1678,"column":8},"end":{"line":1684,"column":11}},"590":{"start":{"line":1679,"column":27},"end":{"line":1679,"column":29}},"591":{"start":{"line":1681,"column":12},"end":{"line":1683,"column":66}},"592":{"start":{"line":1682,"column":16},"end":{"line":1682,"column":63}},"593":{"start":{"line":1686,"column":8},"end":{"line":1694,"column":11}},"594":{"start":{"line":1687,"column":27},"end":{"line":1687,"column":36}},"595":{"start":{"line":1689,"column":12},"end":{"line":1693,"column":14}},"596":{"start":{"line":1690,"column":16},"end":{"line":1692,"column":68}},"597":{"start":{"line":1696,"column":8},"end":{"line":1704,"column":11}},"598":{"start":{"line":1697,"column":27},"end":{"line":1697,"column":29}},"599":{"start":{"line":1699,"column":12},"end":{"line":1703,"column":14}},"600":{"start":{"line":1700,"column":16},"end":{"line":1702,"column":68}},"601":{"start":{"line":1706,"column":8},"end":{"line":1714,"column":11}},"602":{"start":{"line":1707,"column":27},"end":{"line":1707,"column":32}},"603":{"start":{"line":1709,"column":12},"end":{"line":1713,"column":14}},"604":{"start":{"line":1710,"column":16},"end":{"line":1712,"column":68}},"605":{"start":{"line":1716,"column":8},"end":{"line":1724,"column":11}},"606":{"start":{"line":1717,"column":27},"end":{"line":1717,"column":29}},"607":{"start":{"line":1719,"column":12},"end":{"line":1723,"column":14}},"608":{"start":{"line":1720,"column":16},"end":{"line":1722,"column":68}},"609":{"start":{"line":1726,"column":8},"end":{"line":1734,"column":11}},"610":{"start":{"line":1727,"column":27},"end":{"line":1727,"column":29}},"611":{"start":{"line":1729,"column":12},"end":{"line":1733,"column":14}},"612":{"start":{"line":1730,"column":16},"end":{"line":1732,"column":68}},"613":{"start":{"line":1736,"column":8},"end":{"line":1742,"column":11}},"614":{"start":{"line":1737,"column":27},"end":{"line":1737,"column":29}},"615":{"start":{"line":1739,"column":12},"end":{"line":1741,"column":64}},"616":{"start":{"line":1740,"column":16},"end":{"line":1740,"column":63}},"617":{"start":{"line":1744,"column":8},"end":{"line":1752,"column":11}},"618":{"start":{"line":1745,"column":27},"end":{"line":1745,"column":36}},"619":{"start":{"line":1747,"column":12},"end":{"line":1751,"column":14}},"620":{"start":{"line":1748,"column":16},"end":{"line":1750,"column":69}},"621":{"start":{"line":1754,"column":8},"end":{"line":1762,"column":11}},"622":{"start":{"line":1755,"column":27},"end":{"line":1755,"column":29}},"623":{"start":{"line":1757,"column":12},"end":{"line":1761,"column":14}},"624":{"start":{"line":1758,"column":16},"end":{"line":1760,"column":69}},"625":{"start":{"line":1764,"column":8},"end":{"line":1772,"column":11}},"626":{"start":{"line":1765,"column":27},"end":{"line":1765,"column":32}},"627":{"start":{"line":1767,"column":12},"end":{"line":1771,"column":14}},"628":{"start":{"line":1768,"column":16},"end":{"line":1770,"column":69}},"629":{"start":{"line":1774,"column":8},"end":{"line":1782,"column":11}},"630":{"start":{"line":1775,"column":27},"end":{"line":1775,"column":33}},"631":{"start":{"line":1777,"column":12},"end":{"line":1781,"column":14}},"632":{"start":{"line":1778,"column":16},"end":{"line":1780,"column":69}},"633":{"start":{"line":1784,"column":8},"end":{"line":1792,"column":11}},"634":{"start":{"line":1785,"column":27},"end":{"line":1785,"column":29}},"635":{"start":{"line":1787,"column":12},"end":{"line":1791,"column":14}},"636":{"start":{"line":1788,"column":16},"end":{"line":1790,"column":69}},"637":{"start":{"line":1794,"column":8},"end":{"line":1802,"column":11}},"638":{"start":{"line":1795,"column":27},"end":{"line":1795,"column":56}},"639":{"start":{"line":1797,"column":12},"end":{"line":1801,"column":14}},"640":{"start":{"line":1798,"column":16},"end":{"line":1800,"column":66}},"641":{"start":{"line":1804,"column":8},"end":{"line":1812,"column":11}},"642":{"start":{"line":1805,"column":27},"end":{"line":1805,"column":48}},"643":{"start":{"line":1807,"column":12},"end":{"line":1811,"column":14}},"644":{"start":{"line":1808,"column":16},"end":{"line":1810,"column":66}},"645":{"start":{"line":1814,"column":8},"end":{"line":1822,"column":11}},"646":{"start":{"line":1815,"column":27},"end":{"line":1815,"column":52}},"647":{"start":{"line":1817,"column":12},"end":{"line":1821,"column":14}},"648":{"start":{"line":1818,"column":16},"end":{"line":1820,"column":66}},"649":{"start":{"line":1824,"column":8},"end":{"line":1832,"column":11}},"650":{"start":{"line":1825,"column":27},"end":{"line":1825,"column":49}},"651":{"start":{"line":1827,"column":12},"end":{"line":1831,"column":14}},"652":{"start":{"line":1828,"column":16},"end":{"line":1830,"column":66}},"653":{"start":{"line":1834,"column":8},"end":{"line":1842,"column":11}},"654":{"start":{"line":1835,"column":27},"end":{"line":1835,"column":49}},"655":{"start":{"line":1837,"column":12},"end":{"line":1841,"column":14}},"656":{"start":{"line":1838,"column":16},"end":{"line":1840,"column":66}},"657":{"start":{"line":1844,"column":8},"end":{"line":1852,"column":11}},"658":{"start":{"line":1845,"column":27},"end":{"line":1845,"column":60}},"659":{"start":{"line":1847,"column":12},"end":{"line":1851,"column":14}},"660":{"start":{"line":1848,"column":16},"end":{"line":1850,"column":67}},"661":{"start":{"line":1854,"column":8},"end":{"line":1862,"column":11}},"662":{"start":{"line":1855,"column":27},"end":{"line":1855,"column":56}},"663":{"start":{"line":1857,"column":12},"end":{"line":1861,"column":14}},"664":{"start":{"line":1858,"column":16},"end":{"line":1860,"column":67}},"665":{"start":{"line":1864,"column":8},"end":{"line":1872,"column":11}},"666":{"start":{"line":1865,"column":27},"end":{"line":1865,"column":56}},"667":{"start":{"line":1867,"column":12},"end":{"line":1871,"column":14}},"668":{"start":{"line":1868,"column":16},"end":{"line":1870,"column":67}},"669":{"start":{"line":1874,"column":8},"end":{"line":1882,"column":11}},"670":{"start":{"line":1875,"column":27},"end":{"line":1875,"column":53}},"671":{"start":{"line":1877,"column":12},"end":{"line":1881,"column":14}},"672":{"start":{"line":1878,"column":16},"end":{"line":1880,"column":67}},"673":{"start":{"line":1884,"column":8},"end":{"line":1892,"column":11}},"674":{"start":{"line":1885,"column":27},"end":{"line":1885,"column":53}},"675":{"start":{"line":1887,"column":12},"end":{"line":1891,"column":14}},"676":{"start":{"line":1888,"column":16},"end":{"line":1890,"column":67}},"677":{"start":{"line":1894,"column":8},"end":{"line":1900,"column":11}},"678":{"start":{"line":1895,"column":27},"end":{"line":1895,"column":52}},"679":{"start":{"line":1897,"column":12},"end":{"line":1899,"column":62}},"680":{"start":{"line":1898,"column":16},"end":{"line":1898,"column":63}},"681":{"start":{"line":1902,"column":8},"end":{"line":1908,"column":11}},"682":{"start":{"line":1903,"column":27},"end":{"line":1903,"column":53}},"683":{"start":{"line":1905,"column":12},"end":{"line":1907,"column":62}},"684":{"start":{"line":1906,"column":16},"end":{"line":1906,"column":63}},"685":{"start":{"line":1910,"column":8},"end":{"line":1916,"column":11}},"686":{"start":{"line":1911,"column":27},"end":{"line":1911,"column":54}},"687":{"start":{"line":1913,"column":12},"end":{"line":1915,"column":66}},"688":{"start":{"line":1914,"column":16},"end":{"line":1914,"column":63}},"689":{"start":{"line":1921,"column":4},"end":{"line":1932,"column":7}},"690":{"start":{"line":1922,"column":8},"end":{"line":1931,"column":11}},"691":{"start":{"line":1923,"column":12},"end":{"line":1930,"column":15}},"692":{"start":{"line":1924,"column":16},"end":{"line":1924,"column":44}},"693":{"start":{"line":1936,"column":4},"end":{"line":1944,"column":7}},"694":{"start":{"line":1937,"column":8},"end":{"line":1943,"column":11}},"695":{"start":{"line":1938,"column":12},"end":{"line":1942,"column":15}},"696":{"start":{"line":1939,"column":16},"end":{"line":1939,"column":45}},"697":{"start":{"line":1940,"column":16},"end":{"line":1940,"column":48}},"698":{"start":{"line":1941,"column":16},"end":{"line":1941,"column":61}},"699":{"start":{"line":1948,"column":4},"end":{"line":1980,"column":6}},"700":{"start":{"line":1949,"column":22},"end":{"line":1949,"column":27}},"701":{"start":{"line":1950,"column":25},"end":{"line":1950,"column":36}},"702":{"start":{"line":1951,"column":23},"end":{"line":1951,"column":27}},"703":{"start":{"line":1952,"column":21},"end":{"line":1952,"column":27}},"704":{"start":{"line":1953,"column":24},"end":{"line":1953,"column":33}},"705":{"start":{"line":1954,"column":22},"end":{"line":1954,"column":61}},"706":{"start":{"line":1955,"column":25},"end":{"line":1955,"column":47}},"707":{"start":{"line":1959,"column":8},"end":{"line":1971,"column":10}},"708":{"start":{"line":1960,"column":12},"end":{"line":1970,"column":13}},"709":{"start":{"line":1961,"column":16},"end":{"line":1969,"column":50}},"710":{"start":{"line":1969,"column":37},"end":{"line":1969,"column":48}},"711":{"start":{"line":1973,"column":8},"end":{"line":1979,"column":10}},"712":{"start":{"line":1974,"column":12},"end":{"line":1978,"column":18}},"713":{"start":{"line":1976,"column":20},"end":{"line":1976,"column":45}},"714":{"start":{"line":1977,"column":20},"end":{"line":1977,"column":46}},"715":{"start":{"line":1984,"column":4},"end":{"line":2014,"column":6}},"716":{"start":{"line":1985,"column":20},"end":{"line":1985,"column":25}},"717":{"start":{"line":1987,"column":27},"end":{"line":1991,"column":10}},"718":{"start":{"line":1993,"column":32},"end":{"line":1999,"column":10}},"719":{"start":{"line":2001,"column":8},"end":{"line":2005,"column":10}},"720":{"start":{"line":2002,"column":44},"end":{"line":2002,"column":104}},"721":{"start":{"line":2004,"column":12},"end":{"line":2004,"column":49}},"722":{"start":{"line":2007,"column":8},"end":{"line":2013,"column":10}},"723":{"start":{"line":2008,"column":31},"end":{"line":2008,"column":32}},"724":{"start":{"line":2010,"column":44},"end":{"line":2010,"column":104}},"725":{"start":{"line":2012,"column":12},"end":{"line":2012,"column":49}},"726":{"start":{"line":2016,"column":4},"end":{"line":2018,"column":6}},"727":{"start":{"line":2017,"column":8},"end":{"line":2017,"column":74}},"728":{"start":{"line":2017,"column":52},"end":{"line":2017,"column":73}}},"fnMap":{"0":{"name":"(anonymous_0)","decl":{"start":{"line":27,"column":18},"end":{"line":27,"column":19}},"loc":{"start":{"line":27,"column":24},"end":{"line":2019,"column":1}},"line":27},"1":{"name":"(anonymous_1)","decl":{"start":{"line":28,"column":11},"end":{"line":28,"column":12}},"loc":{"start":{"line":28,"column":17},"end":{"line":28,"column":73}},"line":28},"2":{"name":"(anonymous_2)","decl":{"start":{"line":30,"column":15},"end":{"line":30,"column":16}},"loc":{"start":{"line":30,"column":21},"end":{"line":30,"column":53}},"line":30},"3":{"name":"(anonymous_3)","decl":{"start":{"line":32,"column":30},"end":{"line":32,"column":31}},"loc":{"start":{"line":32,"column":36},"end":{"line":881,"column":5}},"line":32},"4":{"name":"(anonymous_4)","decl":{"start":{"line":42,"column":46},"end":{"line":42,"column":47}},"loc":{"start":{"line":42,"column":58},"end":{"line":69,"column":9}},"line":42},"5":{"name":"(anonymous_5)","decl":{"start":{"line":71,"column":51},"end":{"line":71,"column":52}},"loc":{"start":{"line":71,"column":57},"end":{"line":86,"column":9}},"line":71},"6":{"name":"(anonymous_6)","decl":{"start":{"line":74,"column":19},"end":{"line":74,"column":20}},"loc":{"start":{"line":74,"column":25},"end":{"line":85,"column":13}},"line":74},"7":{"name":"(anonymous_7)","decl":{"start":{"line":88,"column":69},"end":{"line":88,"column":70}},"loc":{"start":{"line":88,"column":81},"end":{"line":125,"column":9}},"line":88},"8":{"name":"(anonymous_8)","decl":{"start":{"line":127,"column":66},"end":{"line":127,"column":67}},"loc":{"start":{"line":127,"column":78},"end":{"line":164,"column":9}},"line":127},"9":{"name":"(anonymous_9)","decl":{"start":{"line":166,"column":43},"end":{"line":166,"column":44}},"loc":{"start":{"line":166,"column":49},"end":{"line":181,"column":9}},"line":166},"10":{"name":"(anonymous_10)","decl":{"start":{"line":169,"column":19},"end":{"line":169,"column":20}},"loc":{"start":{"line":169,"column":25},"end":{"line":180,"column":13}},"line":169},"11":{"name":"(anonymous_11)","decl":{"start":{"line":183,"column":42},"end":{"line":183,"column":43}},"loc":{"start":{"line":183,"column":48},"end":{"line":198,"column":9}},"line":183},"12":{"name":"(anonymous_12)","decl":{"start":{"line":186,"column":19},"end":{"line":186,"column":20}},"loc":{"start":{"line":186,"column":25},"end":{"line":197,"column":13}},"line":186},"13":{"name":"(anonymous_13)","decl":{"start":{"line":200,"column":42},"end":{"line":200,"column":43}},"loc":{"start":{"line":200,"column":48},"end":{"line":215,"column":9}},"line":200},"14":{"name":"(anonymous_14)","decl":{"start":{"line":203,"column":19},"end":{"line":203,"column":20}},"loc":{"start":{"line":203,"column":25},"end":{"line":214,"column":13}},"line":203},"15":{"name":"(anonymous_15)","decl":{"start":{"line":217,"column":41},"end":{"line":217,"column":42}},"loc":{"start":{"line":217,"column":47},"end":{"line":232,"column":9}},"line":217},"16":{"name":"(anonymous_16)","decl":{"start":{"line":220,"column":19},"end":{"line":220,"column":20}},"loc":{"start":{"line":220,"column":25},"end":{"line":231,"column":13}},"line":220},"17":{"name":"(anonymous_17)","decl":{"start":{"line":234,"column":48},"end":{"line":234,"column":49}},"loc":{"start":{"line":234,"column":54},"end":{"line":249,"column":9}},"line":234},"18":{"name":"(anonymous_18)","decl":{"start":{"line":237,"column":19},"end":{"line":237,"column":20}},"loc":{"start":{"line":237,"column":25},"end":{"line":248,"column":13}},"line":237},"19":{"name":"(anonymous_19)","decl":{"start":{"line":251,"column":44},"end":{"line":251,"column":45}},"loc":{"start":{"line":251,"column":50},"end":{"line":266,"column":9}},"line":251},"20":{"name":"(anonymous_20)","decl":{"start":{"line":254,"column":19},"end":{"line":254,"column":20}},"loc":{"start":{"line":254,"column":25},"end":{"line":265,"column":13}},"line":254},"21":{"name":"(anonymous_21)","decl":{"start":{"line":268,"column":46},"end":{"line":268,"column":47}},"loc":{"start":{"line":268,"column":52},"end":{"line":283,"column":9}},"line":268},"22":{"name":"(anonymous_22)","decl":{"start":{"line":271,"column":19},"end":{"line":271,"column":20}},"loc":{"start":{"line":271,"column":25},"end":{"line":282,"column":13}},"line":271},"23":{"name":"(anonymous_23)","decl":{"start":{"line":285,"column":46},"end":{"line":285,"column":47}},"loc":{"start":{"line":285,"column":52},"end":{"line":300,"column":9}},"line":285},"24":{"name":"(anonymous_24)","decl":{"start":{"line":288,"column":19},"end":{"line":288,"column":20}},"loc":{"start":{"line":288,"column":25},"end":{"line":299,"column":13}},"line":288},"25":{"name":"(anonymous_25)","decl":{"start":{"line":302,"column":45},"end":{"line":302,"column":46}},"loc":{"start":{"line":302,"column":51},"end":{"line":317,"column":9}},"line":302},"26":{"name":"(anonymous_26)","decl":{"start":{"line":305,"column":19},"end":{"line":305,"column":20}},"loc":{"start":{"line":305,"column":25},"end":{"line":316,"column":13}},"line":305},"27":{"name":"(anonymous_27)","decl":{"start":{"line":319,"column":44},"end":{"line":319,"column":45}},"loc":{"start":{"line":319,"column":50},"end":{"line":334,"column":9}},"line":319},"28":{"name":"(anonymous_28)","decl":{"start":{"line":322,"column":19},"end":{"line":322,"column":20}},"loc":{"start":{"line":322,"column":25},"end":{"line":333,"column":13}},"line":322},"29":{"name":"(anonymous_29)","decl":{"start":{"line":336,"column":46},"end":{"line":336,"column":47}},"loc":{"start":{"line":336,"column":52},"end":{"line":351,"column":9}},"line":336},"30":{"name":"(anonymous_30)","decl":{"start":{"line":339,"column":19},"end":{"line":339,"column":20}},"loc":{"start":{"line":339,"column":25},"end":{"line":350,"column":13}},"line":339},"31":{"name":"(anonymous_31)","decl":{"start":{"line":353,"column":42},"end":{"line":353,"column":43}},"loc":{"start":{"line":353,"column":48},"end":{"line":368,"column":9}},"line":353},"32":{"name":"(anonymous_32)","decl":{"start":{"line":356,"column":19},"end":{"line":356,"column":20}},"loc":{"start":{"line":356,"column":25},"end":{"line":367,"column":13}},"line":356},"33":{"name":"(anonymous_33)","decl":{"start":{"line":370,"column":44},"end":{"line":370,"column":45}},"loc":{"start":{"line":370,"column":50},"end":{"line":385,"column":9}},"line":370},"34":{"name":"(anonymous_34)","decl":{"start":{"line":373,"column":19},"end":{"line":373,"column":20}},"loc":{"start":{"line":373,"column":25},"end":{"line":384,"column":13}},"line":373},"35":{"name":"(anonymous_35)","decl":{"start":{"line":387,"column":44},"end":{"line":387,"column":45}},"loc":{"start":{"line":387,"column":50},"end":{"line":402,"column":9}},"line":387},"36":{"name":"(anonymous_36)","decl":{"start":{"line":390,"column":19},"end":{"line":390,"column":20}},"loc":{"start":{"line":390,"column":25},"end":{"line":401,"column":13}},"line":390},"37":{"name":"(anonymous_37)","decl":{"start":{"line":404,"column":43},"end":{"line":404,"column":44}},"loc":{"start":{"line":404,"column":49},"end":{"line":419,"column":9}},"line":404},"38":{"name":"(anonymous_38)","decl":{"start":{"line":407,"column":19},"end":{"line":407,"column":20}},"loc":{"start":{"line":407,"column":25},"end":{"line":418,"column":13}},"line":407},"39":{"name":"(anonymous_39)","decl":{"start":{"line":421,"column":42},"end":{"line":421,"column":43}},"loc":{"start":{"line":421,"column":48},"end":{"line":436,"column":9}},"line":421},"40":{"name":"(anonymous_40)","decl":{"start":{"line":424,"column":19},"end":{"line":424,"column":20}},"loc":{"start":{"line":424,"column":25},"end":{"line":435,"column":13}},"line":424},"41":{"name":"(anonymous_41)","decl":{"start":{"line":438,"column":42},"end":{"line":438,"column":43}},"loc":{"start":{"line":438,"column":48},"end":{"line":453,"column":9}},"line":438},"42":{"name":"(anonymous_42)","decl":{"start":{"line":441,"column":19},"end":{"line":441,"column":20}},"loc":{"start":{"line":441,"column":25},"end":{"line":452,"column":13}},"line":441},"43":{"name":"(anonymous_43)","decl":{"start":{"line":455,"column":42},"end":{"line":455,"column":43}},"loc":{"start":{"line":455,"column":48},"end":{"line":470,"column":9}},"line":455},"44":{"name":"(anonymous_44)","decl":{"start":{"line":458,"column":19},"end":{"line":458,"column":20}},"loc":{"start":{"line":458,"column":25},"end":{"line":469,"column":13}},"line":458},"45":{"name":"(anonymous_45)","decl":{"start":{"line":472,"column":41},"end":{"line":472,"column":42}},"loc":{"start":{"line":472,"column":47},"end":{"line":487,"column":9}},"line":472},"46":{"name":"(anonymous_46)","decl":{"start":{"line":475,"column":19},"end":{"line":475,"column":20}},"loc":{"start":{"line":475,"column":25},"end":{"line":486,"column":13}},"line":475},"47":{"name":"(anonymous_47)","decl":{"start":{"line":489,"column":40},"end":{"line":489,"column":41}},"loc":{"start":{"line":489,"column":46},"end":{"line":504,"column":9}},"line":489},"48":{"name":"(anonymous_48)","decl":{"start":{"line":492,"column":19},"end":{"line":492,"column":20}},"loc":{"start":{"line":492,"column":25},"end":{"line":503,"column":13}},"line":492},"49":{"name":"(anonymous_49)","decl":{"start":{"line":506,"column":45},"end":{"line":506,"column":46}},"loc":{"start":{"line":506,"column":51},"end":{"line":521,"column":9}},"line":506},"50":{"name":"(anonymous_50)","decl":{"start":{"line":509,"column":19},"end":{"line":509,"column":20}},"loc":{"start":{"line":509,"column":25},"end":{"line":520,"column":13}},"line":509},"51":{"name":"(anonymous_51)","decl":{"start":{"line":523,"column":45},"end":{"line":523,"column":46}},"loc":{"start":{"line":523,"column":51},"end":{"line":538,"column":9}},"line":523},"52":{"name":"(anonymous_52)","decl":{"start":{"line":526,"column":19},"end":{"line":526,"column":20}},"loc":{"start":{"line":526,"column":25},"end":{"line":537,"column":13}},"line":526},"53":{"name":"(anonymous_53)","decl":{"start":{"line":540,"column":44},"end":{"line":540,"column":45}},"loc":{"start":{"line":540,"column":50},"end":{"line":555,"column":9}},"line":540},"54":{"name":"(anonymous_54)","decl":{"start":{"line":543,"column":19},"end":{"line":543,"column":20}},"loc":{"start":{"line":543,"column":25},"end":{"line":554,"column":13}},"line":543},"55":{"name":"(anonymous_55)","decl":{"start":{"line":557,"column":43},"end":{"line":557,"column":44}},"loc":{"start":{"line":557,"column":49},"end":{"line":572,"column":9}},"line":557},"56":{"name":"(anonymous_56)","decl":{"start":{"line":560,"column":19},"end":{"line":560,"column":20}},"loc":{"start":{"line":560,"column":25},"end":{"line":571,"column":13}},"line":560},"57":{"name":"(anonymous_57)","decl":{"start":{"line":574,"column":41},"end":{"line":574,"column":42}},"loc":{"start":{"line":574,"column":47},"end":{"line":589,"column":9}},"line":574},"58":{"name":"(anonymous_58)","decl":{"start":{"line":577,"column":19},"end":{"line":577,"column":20}},"loc":{"start":{"line":577,"column":25},"end":{"line":588,"column":13}},"line":577},"59":{"name":"(anonymous_59)","decl":{"start":{"line":591,"column":45},"end":{"line":591,"column":46}},"loc":{"start":{"line":591,"column":51},"end":{"line":606,"column":9}},"line":591},"60":{"name":"(anonymous_60)","decl":{"start":{"line":594,"column":19},"end":{"line":594,"column":20}},"loc":{"start":{"line":594,"column":25},"end":{"line":605,"column":13}},"line":594},"61":{"name":"(anonymous_61)","decl":{"start":{"line":608,"column":43},"end":{"line":608,"column":44}},"loc":{"start":{"line":608,"column":49},"end":{"line":623,"column":9}},"line":608},"62":{"name":"(anonymous_62)","decl":{"start":{"line":611,"column":19},"end":{"line":611,"column":20}},"loc":{"start":{"line":611,"column":25},"end":{"line":622,"column":13}},"line":611},"63":{"name":"(anonymous_63)","decl":{"start":{"line":625,"column":43},"end":{"line":625,"column":44}},"loc":{"start":{"line":625,"column":49},"end":{"line":640,"column":9}},"line":625},"64":{"name":"(anonymous_64)","decl":{"start":{"line":628,"column":19},"end":{"line":628,"column":20}},"loc":{"start":{"line":628,"column":25},"end":{"line":639,"column":13}},"line":628},"65":{"name":"(anonymous_65)","decl":{"start":{"line":642,"column":42},"end":{"line":642,"column":43}},"loc":{"start":{"line":642,"column":48},"end":{"line":657,"column":9}},"line":642},"66":{"name":"(anonymous_66)","decl":{"start":{"line":645,"column":19},"end":{"line":645,"column":20}},"loc":{"start":{"line":645,"column":25},"end":{"line":656,"column":13}},"line":645},"67":{"name":"(anonymous_67)","decl":{"start":{"line":659,"column":41},"end":{"line":659,"column":42}},"loc":{"start":{"line":659,"column":47},"end":{"line":674,"column":9}},"line":659},"68":{"name":"(anonymous_68)","decl":{"start":{"line":662,"column":19},"end":{"line":662,"column":20}},"loc":{"start":{"line":662,"column":25},"end":{"line":673,"column":13}},"line":662},"69":{"name":"(anonymous_69)","decl":{"start":{"line":676,"column":44},"end":{"line":676,"column":45}},"loc":{"start":{"line":676,"column":50},"end":{"line":691,"column":9}},"line":676},"70":{"name":"(anonymous_70)","decl":{"start":{"line":679,"column":19},"end":{"line":679,"column":20}},"loc":{"start":{"line":679,"column":25},"end":{"line":690,"column":13}},"line":679},"71":{"name":"(anonymous_71)","decl":{"start":{"line":693,"column":48},"end":{"line":693,"column":49}},"loc":{"start":{"line":693,"column":54},"end":{"line":708,"column":9}},"line":693},"72":{"name":"(anonymous_72)","decl":{"start":{"line":696,"column":19},"end":{"line":696,"column":20}},"loc":{"start":{"line":696,"column":25},"end":{"line":707,"column":13}},"line":696},"73":{"name":"(anonymous_73)","decl":{"start":{"line":710,"column":46},"end":{"line":710,"column":47}},"loc":{"start":{"line":710,"column":52},"end":{"line":725,"column":9}},"line":710},"74":{"name":"(anonymous_74)","decl":{"start":{"line":713,"column":19},"end":{"line":713,"column":20}},"loc":{"start":{"line":713,"column":25},"end":{"line":724,"column":13}},"line":713},"75":{"name":"(anonymous_75)","decl":{"start":{"line":727,"column":46},"end":{"line":727,"column":47}},"loc":{"start":{"line":727,"column":52},"end":{"line":742,"column":9}},"line":727},"76":{"name":"(anonymous_76)","decl":{"start":{"line":730,"column":19},"end":{"line":730,"column":20}},"loc":{"start":{"line":730,"column":25},"end":{"line":741,"column":13}},"line":730},"77":{"name":"(anonymous_77)","decl":{"start":{"line":744,"column":45},"end":{"line":744,"column":46}},"loc":{"start":{"line":744,"column":51},"end":{"line":759,"column":9}},"line":744},"78":{"name":"(anonymous_78)","decl":{"start":{"line":747,"column":19},"end":{"line":747,"column":20}},"loc":{"start":{"line":747,"column":25},"end":{"line":758,"column":13}},"line":747},"79":{"name":"(anonymous_79)","decl":{"start":{"line":761,"column":44},"end":{"line":761,"column":45}},"loc":{"start":{"line":761,"column":50},"end":{"line":776,"column":9}},"line":761},"80":{"name":"(anonymous_80)","decl":{"start":{"line":764,"column":19},"end":{"line":764,"column":20}},"loc":{"start":{"line":764,"column":25},"end":{"line":775,"column":13}},"line":764},"81":{"name":"(anonymous_81)","decl":{"start":{"line":778,"column":57},"end":{"line":778,"column":58}},"loc":{"start":{"line":778,"column":63},"end":{"line":795,"column":9}},"line":778},"82":{"name":"(anonymous_82)","decl":{"start":{"line":781,"column":19},"end":{"line":781,"column":20}},"loc":{"start":{"line":781,"column":25},"end":{"line":792,"column":13}},"line":781},"83":{"name":"(anonymous_83)","decl":{"start":{"line":797,"column":61},"end":{"line":797,"column":62}},"loc":{"start":{"line":797,"column":67},"end":{"line":812,"column":9}},"line":797},"84":{"name":"(anonymous_84)","decl":{"start":{"line":800,"column":19},"end":{"line":800,"column":20}},"loc":{"start":{"line":800,"column":25},"end":{"line":811,"column":13}},"line":800},"85":{"name":"(anonymous_85)","decl":{"start":{"line":814,"column":59},"end":{"line":814,"column":60}},"loc":{"start":{"line":814,"column":65},"end":{"line":829,"column":9}},"line":814},"86":{"name":"(anonymous_86)","decl":{"start":{"line":817,"column":19},"end":{"line":817,"column":20}},"loc":{"start":{"line":817,"column":25},"end":{"line":828,"column":13}},"line":817},"87":{"name":"(anonymous_87)","decl":{"start":{"line":831,"column":59},"end":{"line":831,"column":60}},"loc":{"start":{"line":831,"column":65},"end":{"line":846,"column":9}},"line":831},"88":{"name":"(anonymous_88)","decl":{"start":{"line":834,"column":19},"end":{"line":834,"column":20}},"loc":{"start":{"line":834,"column":25},"end":{"line":845,"column":13}},"line":834},"89":{"name":"(anonymous_89)","decl":{"start":{"line":848,"column":58},"end":{"line":848,"column":59}},"loc":{"start":{"line":848,"column":64},"end":{"line":863,"column":9}},"line":848},"90":{"name":"(anonymous_90)","decl":{"start":{"line":851,"column":19},"end":{"line":851,"column":20}},"loc":{"start":{"line":851,"column":25},"end":{"line":862,"column":13}},"line":851},"91":{"name":"(anonymous_91)","decl":{"start":{"line":865,"column":57},"end":{"line":865,"column":58}},"loc":{"start":{"line":865,"column":63},"end":{"line":880,"column":9}},"line":865},"92":{"name":"(anonymous_92)","decl":{"start":{"line":868,"column":19},"end":{"line":868,"column":20}},"loc":{"start":{"line":868,"column":25},"end":{"line":879,"column":13}},"line":868},"93":{"name":"(anonymous_93)","decl":{"start":{"line":883,"column":34},"end":{"line":883,"column":35}},"loc":{"start":{"line":883,"column":40},"end":{"line":1057,"column":5}},"line":883},"94":{"name":"(anonymous_94)","decl":{"start":{"line":892,"column":19},"end":{"line":892,"column":20}},"loc":{"start":{"line":893,"column":12},"end":{"line":903,"column":13}},"line":893},"95":{"name":"(anonymous_95)","decl":{"start":{"line":893,"column":43},"end":{"line":893,"column":44}},"loc":{"start":{"line":894,"column":16},"end":{"line":902,"column":18}},"line":894},"96":{"name":"(anonymous_96)","decl":{"start":{"line":906,"column":81},"end":{"line":906,"column":82}},"loc":{"start":{"line":907,"column":12},"end":{"line":909,"column":53}},"line":907},"97":{"name":"(anonymous_97)","decl":{"start":{"line":909,"column":22},"end":{"line":909,"column":23}},"loc":{"start":{"line":909,"column":28},"end":{"line":909,"column":52}},"line":909},"98":{"name":"(anonymous_98)","decl":{"start":{"line":911,"column":84},"end":{"line":911,"column":85}},"loc":{"start":{"line":912,"column":12},"end":{"line":914,"column":53}},"line":912},"99":{"name":"(anonymous_99)","decl":{"start":{"line":914,"column":22},"end":{"line":914,"column":23}},"loc":{"start":{"line":914,"column":28},"end":{"line":914,"column":52}},"line":914},"100":{"name":"(anonymous_100)","decl":{"start":{"line":916,"column":63},"end":{"line":916,"column":64}},"loc":{"start":{"line":916,"column":75},"end":{"line":930,"column":9}},"line":916},"101":{"name":"(anonymous_101)","decl":{"start":{"line":932,"column":66},"end":{"line":932,"column":67}},"loc":{"start":{"line":932,"column":78},"end":{"line":946,"column":9}},"line":932},"102":{"name":"(anonymous_102)","decl":{"start":{"line":948,"column":66},"end":{"line":948,"column":67}},"loc":{"start":{"line":948,"column":78},"end":{"line":960,"column":9}},"line":948},"103":{"name":"(anonymous_103)","decl":{"start":{"line":962,"column":53},"end":{"line":962,"column":54}},"loc":{"start":{"line":962,"column":59},"end":{"line":968,"column":9}},"line":962},"104":{"name":"(anonymous_104)","decl":{"start":{"line":965,"column":19},"end":{"line":965,"column":20}},"loc":{"start":{"line":965,"column":25},"end":{"line":967,"column":13}},"line":965},"105":{"name":"(anonymous_105)","decl":{"start":{"line":970,"column":57},"end":{"line":970,"column":58}},"loc":{"start":{"line":970,"column":63},"end":{"line":976,"column":9}},"line":970},"106":{"name":"(anonymous_106)","decl":{"start":{"line":973,"column":19},"end":{"line":973,"column":20}},"loc":{"start":{"line":973,"column":25},"end":{"line":975,"column":13}},"line":973},"107":{"name":"(anonymous_107)","decl":{"start":{"line":978,"column":55},"end":{"line":978,"column":56}},"loc":{"start":{"line":978,"column":61},"end":{"line":984,"column":9}},"line":978},"108":{"name":"(anonymous_108)","decl":{"start":{"line":981,"column":19},"end":{"line":981,"column":20}},"loc":{"start":{"line":981,"column":25},"end":{"line":983,"column":13}},"line":981},"109":{"name":"(anonymous_109)","decl":{"start":{"line":986,"column":55},"end":{"line":986,"column":56}},"loc":{"start":{"line":986,"column":61},"end":{"line":992,"column":9}},"line":986},"110":{"name":"(anonymous_110)","decl":{"start":{"line":989,"column":19},"end":{"line":989,"column":20}},"loc":{"start":{"line":989,"column":25},"end":{"line":991,"column":13}},"line":989},"111":{"name":"(anonymous_111)","decl":{"start":{"line":994,"column":54},"end":{"line":994,"column":55}},"loc":{"start":{"line":994,"column":60},"end":{"line":1000,"column":9}},"line":994},"112":{"name":"(anonymous_112)","decl":{"start":{"line":997,"column":19},"end":{"line":997,"column":20}},"loc":{"start":{"line":997,"column":25},"end":{"line":999,"column":13}},"line":997},"113":{"name":"(anonymous_113)","decl":{"start":{"line":1002,"column":53},"end":{"line":1002,"column":54}},"loc":{"start":{"line":1002,"column":59},"end":{"line":1008,"column":9}},"line":1002},"114":{"name":"(anonymous_114)","decl":{"start":{"line":1005,"column":19},"end":{"line":1005,"column":20}},"loc":{"start":{"line":1005,"column":25},"end":{"line":1007,"column":13}},"line":1005},"115":{"name":"(anonymous_115)","decl":{"start":{"line":1010,"column":44},"end":{"line":1010,"column":45}},"loc":{"start":{"line":1010,"column":50},"end":{"line":1016,"column":9}},"line":1010},"116":{"name":"(anonymous_116)","decl":{"start":{"line":1013,"column":19},"end":{"line":1013,"column":20}},"loc":{"start":{"line":1013,"column":25},"end":{"line":1015,"column":13}},"line":1013},"117":{"name":"(anonymous_117)","decl":{"start":{"line":1018,"column":48},"end":{"line":1018,"column":49}},"loc":{"start":{"line":1018,"column":54},"end":{"line":1024,"column":9}},"line":1018},"118":{"name":"(anonymous_118)","decl":{"start":{"line":1021,"column":19},"end":{"line":1021,"column":20}},"loc":{"start":{"line":1021,"column":25},"end":{"line":1023,"column":13}},"line":1021},"119":{"name":"(anonymous_119)","decl":{"start":{"line":1026,"column":46},"end":{"line":1026,"column":47}},"loc":{"start":{"line":1026,"column":52},"end":{"line":1032,"column":9}},"line":1026},"120":{"name":"(anonymous_120)","decl":{"start":{"line":1029,"column":19},"end":{"line":1029,"column":20}},"loc":{"start":{"line":1029,"column":25},"end":{"line":1031,"column":13}},"line":1029},"121":{"name":"(anonymous_121)","decl":{"start":{"line":1034,"column":46},"end":{"line":1034,"column":47}},"loc":{"start":{"line":1034,"column":52},"end":{"line":1040,"column":9}},"line":1034},"122":{"name":"(anonymous_122)","decl":{"start":{"line":1037,"column":19},"end":{"line":1037,"column":20}},"loc":{"start":{"line":1037,"column":25},"end":{"line":1039,"column":13}},"line":1037},"123":{"name":"(anonymous_123)","decl":{"start":{"line":1042,"column":45},"end":{"line":1042,"column":46}},"loc":{"start":{"line":1042,"column":51},"end":{"line":1048,"column":9}},"line":1042},"124":{"name":"(anonymous_124)","decl":{"start":{"line":1045,"column":19},"end":{"line":1045,"column":20}},"loc":{"start":{"line":1045,"column":25},"end":{"line":1047,"column":13}},"line":1045},"125":{"name":"(anonymous_125)","decl":{"start":{"line":1050,"column":44},"end":{"line":1050,"column":45}},"loc":{"start":{"line":1050,"column":50},"end":{"line":1056,"column":9}},"line":1050},"126":{"name":"(anonymous_126)","decl":{"start":{"line":1053,"column":19},"end":{"line":1053,"column":20}},"loc":{"start":{"line":1053,"column":25},"end":{"line":1055,"column":13}},"line":1053},"127":{"name":"(anonymous_127)","decl":{"start":{"line":1059,"column":30},"end":{"line":1059,"column":31}},"loc":{"start":{"line":1059,"column":36},"end":{"line":1157,"column":5}},"line":1059},"128":{"name":"(anonymous_128)","decl":{"start":{"line":1070,"column":19},"end":{"line":1070,"column":20}},"loc":{"start":{"line":1071,"column":12},"end":{"line":1081,"column":13}},"line":1071},"129":{"name":"(anonymous_129)","decl":{"start":{"line":1071,"column":43},"end":{"line":1071,"column":44}},"loc":{"start":{"line":1072,"column":16},"end":{"line":1080,"column":50}},"line":1072},"130":{"name":"(anonymous_130)","decl":{"start":{"line":1080,"column":24},"end":{"line":1080,"column":25}},"loc":{"start":{"line":1080,"column":37},"end":{"line":1080,"column":48}},"line":1080},"131":{"name":"(anonymous_131)","decl":{"start":{"line":1084,"column":52},"end":{"line":1084,"column":53}},"loc":{"start":{"line":1085,"column":12},"end":{"line":1092,"column":14}},"line":1085},"132":{"name":"(anonymous_132)","decl":{"start":{"line":1085,"column":44},"end":{"line":1085,"column":45}},"loc":{"start":{"line":1085,"column":52},"end":{"line":1092,"column":13}},"line":1085},"133":{"name":"(anonymous_133)","decl":{"start":{"line":1094,"column":46},"end":{"line":1094,"column":47}},"loc":{"start":{"line":1094,"column":58},"end":{"line":1108,"column":9}},"line":1094},"134":{"name":"(anonymous_134)","decl":{"start":{"line":1110,"column":42},"end":{"line":1110,"column":43}},"loc":{"start":{"line":1110,"column":48},"end":{"line":1116,"column":9}},"line":1110},"135":{"name":"(anonymous_135)","decl":{"start":{"line":1113,"column":19},"end":{"line":1113,"column":20}},"loc":{"start":{"line":1113,"column":25},"end":{"line":1115,"column":13}},"line":1113},"136":{"name":"(anonymous_136)","decl":{"start":{"line":1118,"column":46},"end":{"line":1118,"column":47}},"loc":{"start":{"line":1118,"column":52},"end":{"line":1124,"column":9}},"line":1118},"137":{"name":"(anonymous_137)","decl":{"start":{"line":1121,"column":19},"end":{"line":1121,"column":20}},"loc":{"start":{"line":1121,"column":25},"end":{"line":1123,"column":13}},"line":1121},"138":{"name":"(anonymous_138)","decl":{"start":{"line":1126,"column":44},"end":{"line":1126,"column":45}},"loc":{"start":{"line":1126,"column":50},"end":{"line":1132,"column":9}},"line":1126},"139":{"name":"(anonymous_139)","decl":{"start":{"line":1129,"column":1
[...]
"column":66}},"loc":{"start":{"line":721,"column":78},"end":{"line":751,"column":21}},"line":721},"50":{"name":"(anonymous_50)","decl":{"start":{"line":723,"column":53},"end":{"line":723,"column":54}},"loc":{"start":{"line":723,"column":79},"end":{"line":743,"column":25}},"line":723}},"branchMap":{"0":{"loc":{"start":{"line":35,"column":8},"end":{"line":35,"column":21}},"type":"default-arg","locations":[{"start":{"line":35,"column":16},"end":{"line":35,"column":21}}],"line":35},"1":{"loc":{"start":{"line":60,"column":8},"end":{"line":61,"column":62}},"type":"if","locations":[{"start":{"line":60,"column":8},"end":{"line":61,"column":62}},{"start":{"line":60,"column":8},"end":{"line":61,"column":62}}],"line":60},"2":{"loc":{"start":{"line":66,"column":12},"end":{"line":69,"column":18}},"type":"if","locations":[{"start":{"line":66,"column":12},"end":{"line":69,"column":18}},{"start":{"line":66,"column":12},"end":{"line":69,"column":18}}],"line":66},"3":{"loc":{"start":{"line":73,"column":12},"end":{"line":76,"column":18}},"type":"if","locations":[{"start":{"line":73,"column":12},"end":{"line":76,"column":18}},{"start":{"line":73,"column":12},"end":{"line":76,"column":18}}],"line":73},"4":{"loc":{"start":{"line":111,"column":8},"end":{"line":113,"column":36}},"type":"cond-expr","locations":[{"start":{"line":112,"column":15},"end":{"line":112,"column":34}},{"start":{"line":113,"column":15},"end":{"line":113,"column":35}}],"line":111},"5":{"loc":{"start":{"line":116,"column":25},"end":{"line":118,"column":63}},"type":"cond-expr","locations":[{"start":{"line":117,"column":18},"end":{"line":117,"column":60}},{"start":{"line":118,"column":18},"end":{"line":118,"column":63}}],"line":116},"6":{"loc":{"start":{"line":120,"column":12},"end":{"line":125,"column":18}},"type":"if","locations":[{"start":{"line":120,"column":12},"end":{"line":125,"column":18}},{"start":{"line":120,"column":12},"end":{"line":125,"column":18}}],"line":120},"7":{"loc":{"start":{"line":122,"column":20},"end":{"line":124,"column":71}},"type":"cond-expr","locations":[{"start":{"line":123,"column":26},"end":{"line":123,"column":68}},{"start":{"line":124,"column":26},"end":{"line":124,"column":71}}],"line":122},"8":{"loc":{"start":{"line":129,"column":12},"end":{"line":129,"column":65}},"type":"if","locations":[{"start":{"line":129,"column":12},"end":{"line":129,"column":65}},{"start":{"line":129,"column":12},"end":{"line":129,"column":65}}],"line":129},"9":{"loc":{"start":{"line":152,"column":16},"end":{"line":153,"column":80}},"type":"if","locations":[{"start":{"line":152,"column":16},"end":{"line":153,"column":80}},{"start":{"line":152,"column":16},"end":{"line":153,"column":80}}],"line":152},"10":{"loc":{"start":{"line":179,"column":16},"end":{"line":182,"column":22}},"type":"if","locations":[{"start":{"line":179,"column":16},"end":{"line":182,"column":22}},{"start":{"line":179,"column":16},"end":{"line":182,"column":22}}],"line":179},"11":{"loc":{"start":{"line":216,"column":16},"end":{"line":217,"column":62}},"type":"if","locations":[{"start":{"line":216,"column":16},"end":{"line":217,"column":62}},{"start":{"line":216,"column":16},"end":{"line":217,"column":62}}],"line":216},"12":{"loc":{"start":{"line":239,"column":20},"end":{"line":245,"column":21}},"type":"if","locations":[{"start":{"line":239,"column":20},"end":{"line":245,"column":21}},{"start":{"line":239,"column":20},"end":{"line":245,"column":21}}],"line":239},"13":{"loc":{"start":{"line":247,"column":20},"end":{"line":251,"column":21}},"type":"if","locations":[{"start":{"line":247,"column":20},"end":{"line":251,"column":21}},{"start":{"line":247,"column":20},"end":{"line":251,"column":21}}],"line":247},"14":{"loc":{"start":{"line":253,"column":20},"end":{"line":257,"column":21}},"type":"if","locations":[{"start":{"line":253,"column":20},"end":{"line":257,"column":21}},{"start":{"line":253,"column":20},"end":{"line":257,"column":21}}],"line":253},"15":{"loc":{"start":{"line":276,"column":8},"end":{"line":277,"column":60}},"type":"if","locations":[{"start":{"line":276,"column":8},"end":{"line":277,"column":60}},{"start":{"line":276,"column":8},"end":{"line":277,"column":60}}],"line":276},"16":{"loc":{"start":{"line":279,"column":8},"end":{"line":280,"column":70}},"type":"if","locations":[{"start":{"line":279,"column":8},"end":{"line":280,"column":70}},{"start":{"line":279,"column":8},"end":{"line":280,"column":70}}],"line":279},"17":{"loc":{"start":{"line":279,"column":12},"end":{"line":279,"column":56}},"type":"binary-expr","locations":[{"start":{"line":279,"column":12},"end":{"line":279,"column":34}},{"start":{"line":279,"column":38},"end":{"line":279,"column":56}}],"line":279},"18":{"loc":{"start":{"line":282,"column":8},"end":{"line":283,"column":65}},"type":"if","locations":[{"start":{"line":282,"column":8},"end":{"line":283,"column":65}},{"start":{"line":282,"column":8},"end":{"line":283,"column":65}}],"line":282},"19":{"loc":{"start":{"line":282,"column":12},"end":{"line":282,"column":62}},"type":"binary-expr","locations":[{"start":{"line":282,"column":12},"end":{"line":282,"column":34}},{"start":{"line":282,"column":38},"end":{"line":282,"column":62}}],"line":282},"20":{"loc":{"start":{"line":290,"column":16},"end":{"line":293,"column":22}},"type":"if","locations":[{"start":{"line":290,"column":16},"end":{"line":293,"column":22}},{"start":{"line":290,"column":16},"end":{"line":293,"column":22}}],"line":290},"21":{"loc":{"start":{"line":302,"column":16},"end":{"line":308,"column":17}},"type":"if","locations":[{"start":{"line":302,"column":16},"end":{"line":308,"column":17}},{"start":{"line":302,"column":16},"end":{"line":308,"column":17}}],"line":302},"22":{"loc":{"start":{"line":310,"column":16},"end":{"line":314,"column":17}},"type":"if","locations":[{"start":{"line":310,"column":16},"end":{"line":314,"column":17}},{"start":{"line":310,"column":16},"end":{"line":314,"column":17}}],"line":310},"23":{"loc":{"start":{"line":341,"column":8},"end":{"line":341,"column":42}},"type":"if","locations":[{"start":{"line":341,"column":8},"end":{"line":341,"column":42}},{"start":{"line":341,"column":8},"end":{"line":341,"column":42}}],"line":341},"24":{"loc":{"start":{"line":342,"column":8},"end":{"line":342,"column":44}},"type":"if","locations":[{"start":{"line":342,"column":8},"end":{"line":342,"column":44}},{"start":{"line":342,"column":8},"end":{"line":342,"column":44}}],"line":342},"25":{"loc":{"start":{"line":344,"column":8},"end":{"line":345,"column":57}},"type":"if","locations":[{"start":{"line":344,"column":8},"end":{"line":345,"column":57}},{"start":{"line":344,"column":8},"end":{"line":345,"column":57}}],"line":344},"26":{"loc":{"start":{"line":344,"column":12},"end":{"line":344,"column":34}},"type":"binary-expr","locations":[{"start":{"line":344,"column":12},"end":{"line":344,"column":21}},{"start":{"line":344,"column":25},"end":{"line":344,"column":34}}],"line":344},"27":{"loc":{"start":{"line":347,"column":8},"end":{"line":347,"column":78}},"type":"if","locations":[{"start":{"line":347,"column":8},"end":{"line":347,"column":78}},{"start":{"line":347,"column":8},"end":{"line":347,"column":78}}],"line":347},"28":{"loc":{"start":{"line":354,"column":12},"end":{"line":357,"column":18}},"type":"if","locations":[{"start":{"line":354,"column":12},"end":{"line":357,"column":18}},{"start":{"line":354,"column":12},"end":{"line":357,"column":18}}],"line":354},"29":{"loc":{"start":{"line":364,"column":20},"end":{"line":367,"column":26}},"type":"if","locations":[{"start":{"line":364,"column":20},"end":{"line":367,"column":26}},{"start":{"line":364,"column":20},"end":{"line":367,"column":26}}],"line":364},"30":{"loc":{"start":{"line":364,"column":24},"end":{"line":364,"column":66}},"type":"binary-expr","locations":[{"start":{"line":364,"column":24},"end":{"line":364,"column":41}},{"start":{"line":364,"column":45},"end":{"line":364,"column":66}}],"line":364},"31":{"loc":{"start":{"line":372,"column":12},"end":{"line":377,"column":75}},"type":"if","locations":[{"start":{"line":372,"column":12},"end":{"line":377,"column":75}},{"start":{"line":372,"column":12},"end":{"line":377,"column":75}}],"line":372},"32":{"loc":{"start":{"line":383,"column":12},"end":{"line":388,"column":13}},"type":"if","locations":[{"start":{"line":383,"column":12},"end":{"line":388,"column":13}},{"start":{"line":383,"column":12},"end":{"line":388,"column":13}}],"line":383},"33":{"loc":{"start":{"line":405,"column":12},"end":{"line":405,"column":71}},"type":"if","locations":[{"start":{"line":405,"column":12},"end":{"line":405,"column":71}},{"start":{"line":405,"column":12},"end":{"line":405,"column":71}}],"line":405},"34":{"loc":{"start":{"line":445,"column":16},"end":{"line":446,"column":62}},"type":"if","locations":[{"start":{"line":445,"column":16},"end":{"line":446,"column":62}},{"start":{"line":445,"column":16},"end":{"line":446,"column":62}}],"line":445},"35":{"loc":{"start":{"line":468,"column":20},"end":{"line":474,"column":21}},"type":"if","locations":[{"start":{"line":468,"column":20},"end":{"line":474,"column":21}},{"start":{"line":468,"column":20},"end":{"line":474,"column":21}}],"line":468},"36":{"loc":{"start":{"line":476,"column":20},"end":{"line":480,"column":21}},"type":"if","locations":[{"start":{"line":476,"column":20},"end":{"line":480,"column":21}},{"start":{"line":476,"column":20},"end":{"line":480,"column":21}}],"line":476},"37":{"loc":{"start":{"line":529,"column":16},"end":{"line":542,"column":17}},"type":"if","locations":[{"start":{"line":529,"column":16},"end":{"line":542,"column":17}},{"start":{"line":529,"column":16},"end":{"line":542,"column":17}}],"line":529},"38":{"loc":{"start":{"line":559,"column":8},"end":{"line":559,"column":54}},"type":"if","locations":[{"start":{"line":559,"column":8},"end":{"line":559,"column":54}},{"start":{"line":559,"column":8},"end":{"line":559,"column":54}}],"line":559},"39":{"loc":{"start":{"line":563,"column":8},"end":{"line":567,"column":14}},"type":"if","locations":[{"start":{"line":563,"column":8},"end":{"line":567,"column":14}},{"start":{"line":563,"column":8},"end":{"line":567,"column":14}}],"line":563},"40":{"loc":{"start":{"line":599,"column":16},"end":{"line":600,"column":80}},"type":"if","locations":[{"start":{"line":599,"column":16},"end":{"line":600,"column":80}},{"start":{"line":599,"column":16},"end":{"line":600,"column":80}}],"line":599},"41":{"loc":{"start":{"line":636,"column":20},"end":{"line":650,"column":21}},"type":"if","locations":[{"start":{"line":636,"column":20},"end":{"line":650,"column":21}},{"start":{"line":636,"column":20},"end":{"line":650,"column":21}}],"line":636},"42":{"loc":{"start":{"line":636,"column":24},"end":{"line":636,"column":64}},"type":"binary-expr","locations":[{"start":{"line":636,"column":24},"end":{"line":636,"column":42}},{"start":{"line":636,"column":46},"end":{"line":636,"column":64}}],"line":636},"43":{"loc":{"start":{"line":643,"column":27},"end":{"line":650,"column":21}},"type":"if","locations":[{"start":{"line":643,"column":27},"end":{"line":650,"column":21}},{"start":{"line":643,"column":27},"end":{"line":650,"column":21}}],"line":643},"44":{"loc":{"start":{"line":643,"column":31},"end":{"line":643,"column":71}},"type":"binary-expr","locations":[{"start":{"line":643,"column":31},"end":{"line":643,"column":49}},{"start":{"line":643,"column":53},"end":{"line":643,"column":71}}],"line":643},"45":{"loc":{"start":{"line":661,"column":16},"end":{"line":686,"column":17}},"type":"if","locations":[{"start":{"line":661,"column":16},"end":{"line":686,"column":17}},{"start":{"line":661,"column":16},"end":{"line":686,"column":17}}],"line":661},"46":{"loc":{"start":{"line":666,"column":28},"end":{"line":679,"column":29}},"type":"if","locations":[{"start":{"line":666,"column":28},"end":{"line":679,"column":29}},{"start":{"line":666,"column":28},"end":{"line":679,"column":29}}],"line":666},"47":{"loc":{"start":{"line":668,"column":36},"end":{"line":674,"column":37}},"type":"if","locations":[{"start":{"line":668,"column":36},"end":{"line":674,"column":37}},{"start":{"line":668,"column":36},"end":{"line":674,"column":37}}],"line":668},"48":{"loc":{"start":{"line":675,"column":36},"end":{"line":677,"column":37}},"type":"if","locations":[{"start":{"line":675,"column":36},"end":{"line":677,"column":37}},{"start":{"line":675,"column":36},"end":{"line":677,"column":37}}],"line":675},"49":{"loc":{"start":{"line":683,"column":24},"end":{"line":684,"column":74}},"type":"if","locations":[{"start":{"line":683,"column":24},"end":{"line":684,"column":74}},{"start":{"line":683,"column":24},"end":{"line":684,"column":74}}],"line":683},"50":{"loc":{"start":{"line":691,"column":16},"end":{"line":715,"column":17}},"type":"if","locations":[{"start":{"line":691,"column":16},"end":{"line":715,"column":17}},{"start":{"line":691,"column":16},"end":{"line":715,"column":17}}],"line":691},"51":{"loc":{"start":{"line":697,"column":28},"end":{"line":704,"column":29}},"type":"if","locations":[{"start":{"line":697,"column":28},"end":{"line":704,"column":29}},{"start":{"line":697,"column":28},"end":{"line":704,"column":29}}],"line":697},"52":{"loc":{"start":{"line":701,"column":32},"end":{"line":702,"column":48}},"type":"if","locations":[{"start":{"line":701,"column":32},"end":{"line":702,"column":48}},{"start":{"line":701,"column":32},"end":{"line":702,"column":48}}],"line":701},"53":{"loc":{"start":{"line":705,"column":28},"end":{"line":707,"column":29}},"type":"if","locations":[{"start":{"line":705,"column":28},"end":{"line":707,"column":29}},{"start":{"line":705,"column":28},"end":{"line":707,"column":29}}],"line":705},"54":{"loc":{"start":{"line":712,"column":20},"end":{"line":713,"column":78}},"type":"if","locations":[{"start":{"line":712,"column":20},"end":{"line":713,"column":78}},{"start":{"line":712,"column":20},"end":{"line":713,"column":78}}],"line":712},"55":{"loc":{"start":{"line":720,"column":16},"end":{"line":752,"column":17}},"type":"if","locations":[{"start":{"line":720,"column":16},"end":{"line":752,"column":17}},{"start":{"line":720,"column":16},"end":{"line":752,"column":17}}],"line":720},"56":{"loc":{"start":{"line":725,"column":28},"end":{"line":741,"column":29}},"type":"if","locations":[{"start":{"line":725,"column":28},"end":{"line":741,"column":29}},{"start":{"line":725,"column":28},"end":{"line":741,"column":29}}],"line":725},"57":{"loc":{"start":{"line":727,"column":36},"end":{"line":736,"column":37}},"type":"if","locations":[{"start":{"line":727,"column":36},"end":{"line":736,"column":37}},{"start":{"line":727,"column":36},"end":{"line":736,"column":37}}],"line":727},"58":{"loc":{"start":{"line":733,"column":40},"end":{"line":734,"column":57}},"type":"if","locations":[{"start":{"line":733,"column":40},"end":{"line":734,"column":57}},{"start":{"line":733,"column":40},"end":{"line":734,"column":57}}],"line":733},"59":{"loc":{"start":{"line":737,"column":36},"end":{"line":739,"column":37}},"type":"if","locations":[{"start":{"line":737,"column":36},"end":{"line":739,"column":37}},{"start":{"line":737,"column":36},"end":{"line":739,"column":37}}],"line":737},"60":{"loc":{"start":{"line":748,"column":24},"end":{"line":750,"column":73}},"type":"if","locations":[{"start":{"line":748,"column":24},"end":{"line":750,"column":73}},{"start":{"line":748,"column":24},"end":{"line":750,"column":73}}],"line":748},"61":{"loc":{"start":{"line":760,"column":16},"end":{"line":761,"column":46}},"type":"if","locations":[{"start":{"line":760,"column":16},"end":{"line":761,"column":46}},{"start":{"line":760,"column":16},"end":{"line":761,"column":46}}],"line":760}},"s":{"0":1,"1":1,"2":1,"3":1,"4":1,"5":48,"6":6,"7":1,"8":5,"9":5,"10":5,"11":1,"12":4,"13":4,"14":1,"15":3,"16":3,"17":3,"18":17,"19":5,"20":5,"21":5,"22":5,"23":5,"24":2,"25":3,"26":3,"27":1,"28":2,"29":2,"30":8,"31":2,"32":2,"33":1,"34":1,"35":1,"36":1,"37":8,"38":2,"39":2,"40":2,"41":1,"42":1,"43":1,"44":1,"45":4,"46":3,"47":3,"48":1,"49":2,"50":2,"51":25,"52":25,"53":25,"54":2,"55":2,"56":2,"57":25,"58":25,"59":0,"60":25,"61":29,"62":25,"63":1,"64":0,"65":25,"66":1,"67":0,"68":25,"69":2,"70":2,"71":6,"72":5,"73":1,"74":4,"75":1,"76":3,"77":1,"78":2,"79":2,"80":1,"81":1,"82":1,"83":1,"84":0,"85":1,"86":1,"87":1,"88":1,"89":0,"90":1,"91":10,"92":10,"93":7,"94":1,"95":7,"96":1,"97":7,"98":2,"99":5,"100":1,"101":4,"102":4,"103":4,"104":0,"105":4,"106":4,"107":0,"108":4,"109":4,"110":1,"111":0,"112":4,"113":4,"114":0,"115":4,"116":4,"117":4,"118":4,"119":4,"120":4,"121":4,"122":0,"123":4,"124":4,"125":1,"126":4,"127":4,"128":4,"129":4,"130":4,"131":4,"132":1,"133":1,"134":0,"135":1,"136":1,"137":10,"138":10,"139":10,"140":1,"141":1,"142":1,"143":10,"144":10,"145":0,"146":10,"147":12,"148":10,"149":10,"150":21,"151":10,"152":1,"153":1,"154":1,"155":1,"156":1,"157":1,"158":1,"159":2,"160":2,"161":2,"162":2,"163":2,"164":1,"165":1,"166":1,"167":1,"168":1,"169":1,"170":1,"171":1,"172":1,"173":1,"174":0,"175":1,"176":0,"177":1,"178":0,"179":0,"180":0,"181":0,"182":0,"183":0,"184":0,"185":0,"186":0,"187":0,"188":0,"189":0,"190":0,"191":0,"192":0,"193":0,"194":0,"195":0,"196":0,"197":0,"198":0,"199":0,"200":0,"201":0,"202":0,"203":0,"204":0,"205":0,"206":0,"207":0,"208":0,"209":0,"210":0,"211":0,"212":0,"213":0,"214":0,"215":0,"216":0,"217":0,"218":0,"219":0,"220":0,"221":0,"222":0,"223":0,"224":0,"225":0,"226":0,"227":0,"228":0,"229":0,"230":0,"231":0,"232":0,"233":0,"234":0,"235":0,"236":0,"237":0,"238":0,"239":0,"240":0,"241":0,"242":0,"243":0,"244":0,"245":0,"246":0,"247":0,"248":0,"249":0,"250":0,"251":0,"252":0,"253":0,"254":0,"255":0,"256":0,"257":0,"258":0,"259":0,"260":0,"261":1},"f":{"0":48,"1":5,"2":17,"3":5,"4":8,"5":2,"6":8,"7":2,"8":4,"9":3,"10":2,"11":25,"12":2,"13":25,"14":29,"15":0,"16":0,"17":6,"18":2,"19":1,"20":1,"21":0,"22":10,"23":4,"24":4,"25":1,"26":4,"27":1,"28":1,"29":1,"30":1,"31":10,"32":1,"33":10,"34":12,"35":21,"36":1,"37":1,"38":1,"39":1,"40":2,"41":1,"42":1,"43":0,"44":0,"45":0,"46":0,"47":0,"48":0,"49":0,"50":0},"b":{"0":[0],"1":[1,5],"2":[1,4],"3":[1,3],"4":[2,3],"5":[2,3],"6":[2,3],"7":[1,1],"8":[1,2],"9":[1,1],"10":[1,1],"11":[1,2],"12":[0,25],"13":[1,24],"14":[1,24],"15":[1,4],"16":[1,3],"17":[4,4],"18":[1,2],"19":[3,3],"20":[1,1],"21":[0,1],"22":[1,0],"23":[1,6],"24":[1,6],"25":[2,5],"26":[7,6],"27":[1,4],"28":[0,4],"29":[0,4],"30":[4,4],"31":[0,4],"32":[0,4],"33":[0,4],"34":[0,1],"35":[0,10],"36":[10,0],"37":[1,0],"38":[0,1],"39":[0,1],"40":[0,0],"41":[0,0],"42":[0,0],"43":[0,0],"44":[0,0],"45":[0,0],"46":[0,0],"47":[0,0],"48":[0,0],"49":[0,0],"50":[0,0],"51":[0,0],"52":[0,0],"53":[0,0],"54":[0,0],"55":[0,0],"56":[0,0],"57":[0,0],"58":[0,0],"59":[0,0],"60":[0,0],"61":[0,0]},"_coverageSchema":"43e27e138ebf9cfc5966b082cf9a028302ed4184","hash":"0ae49f8fb23e4584acfdb0ce0c34fe3300f1675a","contentHash":"e6258626743de066eea917f7b5be2fb302c91f60b7869ab7906681d4d8ba87cf"},"C:\\Users\\QWc\\bootcamp\\collab\\skylab-bootcamp-201901\\staff\\luis-garrido\\project-z\\project-z-server\\src\\routes\\route-helper\\index.spec.js":{"path":"C:\\Users\\QWc\\bootcamp\\collab\\skylab-bootcamp-201901\\staff\\luis-garrido\\project-z\\project-z-server\\src\\routes\\route-helper\\index.spec.js","statementMap":{},"fnMap":{},"branchMap":{},"s":{},"f":{},"b":{},"_coverageSchema":"43e27e138ebf9cfc5966b082cf9a028302ed4184","hash":"2a41a2a44d15731022ccc759234c3118f0180fbc","contentHash":"5b686cd462cca7b8d64b2fcab871235d93f63c0e0f5ca8480c43958767d1b690"},"C:\\Users\\QWc\\bootcamp\\collab\\skylab-bootcamp-201901\\staff\\luis-garrido\\project-z\\project-z-server\\src\\token-helper\\index.spec.js":{"path":"C:\\Users\\QWc\\bootcamp\\collab\\skylab-bootcamp-201901\\staff\\luis-garrido\\project-z\\project-z-server\\src\\token-helper\\index.spec.js","statementMap":{},"fnMap":{},"branchMap":{},"s":{},"f":{},"b":{},"_coverageSchema":"43e27e138ebf9cfc5966b082cf9a028302ed4184","hash":"a68a6ec27595dc24bd847658407fbcf08a7604b5","contentHash":"e946027efb11db441cccdc9e741688cae48b09997ec20744a24ad8f6bc71aba5"}}